SF:src/__init__.py
DA:7,0
LF:1
LH:0
end_of_record
SF:src/evaluation/__init__.py
DA:8,0
DA:20,0
LF:2
LH:0
end_of_record
SF:src/evaluation/evaluator.py
DA:8,0
DA:9,0
DA:10,0
DA:11,0
DA:12,0
DA:13,0
DA:14,0
DA:16,0
DA:18,0
DA:21,0
DA:24,0
DA:25,0
DA:26,0
DA:27,0
DA:28,0
DA:31,0
DA:34,0
DA:35,0
DA:36,0
DA:37,0
DA:38,0
DA:39,0
DA:40,0
DA:41,0
DA:44,0
DA:45,0
DA:59,0
DA:60,0
DA:61,0
DA:62,0
DA:63,0
DA:64,0
DA:65,0
DA:68,0
DA:69,0
DA:81,0
DA:82,0
DA:83,0
DA:84,0
DA:85,0
DA:88,0
DA:89,0
DA:103,0
DA:104,0
DA:105,0
DA:106,0
DA:107,0
DA:108,0
DA:109,0
DA:112,0
DA:113,0
DA:126,0
DA:127,0
DA:128,0
DA:129,0
DA:130,0
DA:131,0
DA:134,0
DA:135,0
DA:151,0
DA:152,0
DA:153,0
DA:154,0
DA:155,0
DA:156,0
DA:157,0
DA:158,0
DA:159,0
DA:162,0
DA:198,0
DA:210,0
DA:211,0
DA:212,0
DA:214,0
DA:220,0
DA:239,0
DA:240,0
DA:242,0
DA:243,0
DA:245,0
DA:253,0
DA:254,0
DA:256,0
DA:259,0
DA:261,0
DA:262,0
DA:264,0
DA:275,0
DA:277,0
DA:285,0
DA:287,0
DA:293,0
DA:297,0
DA:299,0
DA:305,0
DA:306,0
DA:307,0
DA:308,0
DA:309,0
DA:311,0
DA:317,0
DA:319,0
DA:321,0
DA:322,0
DA:326,0
DA:327,0
DA:332,0
DA:336,0
DA:339,0
DA:345,0
DA:346,0
DA:347,0
DA:349,0
DA:350,0
DA:352,0
DA:361,0
DA:362,0
DA:363,0
DA:368,0
DA:376,0
DA:377,0
DA:378,0
DA:383,0
DA:391,0
DA:397,0
DA:399,0
DA:400,0
DA:403,0
DA:404,0
DA:405,0
DA:406,0
DA:408,0
DA:409,0
DA:410,0
DA:413,0
DA:414,0
DA:415,0
DA:416,0
DA:419,0
DA:420,0
DA:421,0
DA:422,0
DA:425,0
DA:426,0
DA:427,0
DA:429,0
DA:431,0
DA:433,0
DA:434,0
DA:437,0
DA:438,0
DA:441,0
DA:444,0
DA:447,0
DA:450,0
DA:451,0
DA:453,0
DA:460,0
DA:462,0
DA:464,0
DA:466,0
DA:467,0
DA:468,0
DA:469,0
DA:471,0
DA:484,0
DA:485,0
DA:486,0
DA:487,0
DA:488,0
DA:492,0
DA:495,0
DA:503,0
DA:504,0
DA:505,0
DA:506,0
LF:176
LH:0
FN:198,218,AgentEvaluator.__init__
FNDA:0,AgentEvaluator.__init__
FN:220,285,AgentEvaluator.evaluate_agent
FNDA:0,AgentEvaluator.evaluate_agent
FN:287,297,AgentEvaluator._execute_parallel
FNDA:0,AgentEvaluator._execute_parallel
FN:299,309,AgentEvaluator._execute_sequential
FNDA:0,AgentEvaluator._execute_sequential
FN:311,389,AgentEvaluator._execute_test_case
FNDA:0,AgentEvaluator._execute_test_case
FN:391,429,AgentEvaluator._validate_output
FNDA:0,AgentEvaluator._validate_output
FN:431,458,AgentEvaluator._calculate_metrics
FNDA:0,AgentEvaluator._calculate_metrics
FN:460,462,AgentEvaluator.get_evaluation
FNDA:0,AgentEvaluator.get_evaluation
FN:464,469,AgentEvaluator.list_evaluations
FNDA:0,AgentEvaluator.list_evaluations
FN:471,488,AgentEvaluator.compare_agents
FNDA:0,AgentEvaluator.compare_agents
FN:495,506,get_evaluator
FNDA:0,get_evaluator
FNF:11
FNH:0
end_of_record
SF:src/heretek_swarm/__init__.py
DA:9,0
DA:10,0
DA:11,0
DA:13,0
DA:14,0
DA:15,0
DA:16,0
DA:17,0
DA:18,0
DA:19,0
DA:21,0
LF:11
LH:0
end_of_record
SF:src/heretek_swarm/actors/__init__.py
DA:16,0
DA:17,0
DA:18,0
DA:23,0
DA:29,0
DA:30,0
DA:31,0
DA:32,0
DA:33,0
DA:34,0
DA:35,0
DA:36,0
DA:37,0
DA:38,0
DA:39,0
DA:40,0
DA:41,0
DA:42,0
DA:43,0
DA:44,0
DA:45,0
DA:46,0
DA:47,0
DA:49,0
LF:24
LH:0
end_of_record
SF:src/heretek_swarm/actors/arbiter.py
DA:16,0
DA:17,0
DA:18,0
DA:19,0
DA:20,0
DA:21,0
DA:22,0
DA:24,0
DA:25,0
DA:26,0
DA:28,0
DA:29,0
DA:32,0
DA:35,0
DA:38,0
DA:41,0
DA:43,0
DA:46,0
DA:48,0
DA:49,0
DA:50,0
DA:51,0
DA:52,0
DA:53,0
DA:54,0
DA:55,0
DA:56,0
DA:57,0
DA:60,0
DA:62,0
DA:63,0
DA:64,0
DA:65,0
DA:68,0
DA:70,0
DA:71,0
DA:72,0
DA:73,0
DA:74,0
DA:75,0
DA:76,0
DA:77,0
DA:78,0
DA:79,0
DA:82,0
DA:84,0
DA:85,0
DA:86,0
DA:87,0
DA:88,0
DA:89,0
DA:92,0
DA:93,0
DA:95,0
DA:96,0
DA:97,0
DA:98,0
DA:99,0
DA:100,0
DA:101,0
DA:102,0
DA:103,0
DA:104,0
DA:105,0
DA:106,0
DA:107,0
DA:110,0
DA:111,0
DA:113,0
DA:114,0
DA:115,0
DA:116,0
DA:117,0
DA:118,0
DA:119,0
DA:120,0
DA:121,0
DA:124,0
DA:125,0
DA:127,0
DA:128,0
DA:129,0
DA:130,0
DA:131,0
DA:132,0
DA:133,0
DA:134,0
DA:135,0
DA:138,0
DA:146,0
DA:160,0
DA:170,0
DA:171,0
DA:172,0
DA:173,0
DA:176,0
DA:177,0
DA:178,0
DA:179,0
DA:182,0
DA:194,0
DA:198,0
DA:204,0
DA:207,0
DA:210,0
DA:211,0
DA:214,0
DA:227,0
DA:234,0
DA:241,0
DA:243,0
DA:244,0
DA:245,0
DA:252,0
DA:253,0
DA:254,0
DA:255,0
DA:261,0
DA:262,0
DA:263,0
DA:265,0
DA:270,0
DA:271,0
DA:278,0
DA:280,0
DA:296,0
DA:309,0
DA:310,0
DA:311,0
DA:312,0
DA:313,0
DA:314,0
DA:315,0
DA:316,0
DA:319,0
DA:327,0
DA:328,0
DA:329,0
DA:330,0
DA:332,0
DA:333,0
DA:334,0
DA:335,0
DA:338,0
DA:339,0
DA:352,0
DA:353,0
DA:356,0
DA:357,0
DA:358,0
DA:361,0
DA:364,0
DA:365,0
DA:366,0
DA:369,0
DA:370,0
DA:371,0
DA:373,0
DA:382,0
DA:391,0
DA:393,0
DA:394,0
DA:395,0
DA:396,0
DA:397,0
DA:398,0
DA:400,0
DA:412,0
DA:413,0
DA:414,0
DA:415,0
DA:416,0
DA:417,0
DA:418,0
DA:421,0
DA:429,0
DA:430,0
DA:433,0
DA:434,0
DA:444,0
DA:445,0
DA:448,0
DA:449,0
DA:452,0
DA:454,0
DA:463,0
DA:465,0
DA:466,0
DA:467,0
DA:468,0
DA:469,0
DA:470,0
DA:472,0
DA:483,0
DA:484,0
DA:485,0
DA:486,0
DA:487,0
DA:488,0
DA:491,0
DA:499,0
DA:506,0
DA:513,0
DA:515,0
DA:516,0
DA:517,0
DA:518,0
DA:519,0
DA:520,0
DA:522,0
DA:533,0
DA:534,0
DA:535,0
DA:536,0
DA:537,0
DA:538,0
DA:541,0
DA:549,0
DA:550,0
DA:555,0
DA:556,0
DA:561,0
DA:566,0
DA:573,0
DA:575,0
DA:576,0
DA:577,0
DA:578,0
DA:579,0
DA:580,0
DA:582,0
DA:590,0
DA:591,0
DA:592,0
DA:594,0
DA:595,0
DA:596,0
DA:598,0
DA:599,0
DA:600,0
DA:601,0
DA:603,0
DA:619,0
DA:621,0
DA:622,0
DA:623,0
DA:624,0
DA:625,0
DA:626,0
DA:628,0
DA:638,0
DA:639,0
DA:640,0
DA:641,0
DA:642,0
DA:644,0
DA:650,0
DA:651,0
DA:652,0
DA:653,0
DA:659,0
DA:660,0
DA:664,0
DA:665,0
DA:667,0
DA:668,0
DA:674,0
DA:680,0
DA:686,0
DA:688,0
DA:703,0
DA:705,0
DA:706,0
DA:707,0
DA:709,0
DA:720,0
DA:721,0
DA:722,0
DA:723,0
DA:724,0
DA:725,0
DA:727,0
DA:728,0
DA:729,0
DA:731,0
DA:732,0
DA:733,0
DA:734,0
DA:737,0
DA:745,0
DA:747,0
DA:754,0
DA:756,0
DA:757,0
DA:758,0
DA:759,0
DA:760,0
DA:761,0
DA:763,0
DA:773,0
DA:774,0
DA:775,0
DA:776,0
DA:777,0
DA:779,0
DA:780,0
DA:781,0
DA:783,0
DA:784,0
DA:785,0
DA:786,0
DA:789,0
DA:790,0
DA:791,0
DA:792,0
DA:793,0
DA:794,0
DA:796,0
DA:799,0
DA:800,0
DA:801,0
DA:804,0
DA:807,0
DA:809,0
DA:816,0
DA:818,0
DA:819,0
DA:820,0
DA:821,0
DA:822,0
DA:823,0
DA:825,0
DA:834,0
DA:835,0
DA:836,0
DA:837,0
DA:839,0
DA:840,0
DA:841,0
DA:844,0
DA:845,0
DA:847,0
DA:848,0
DA:855,0
DA:867,0
DA:869,0
DA:870,0
DA:871,0
DA:872,0
DA:873,0
DA:874,0
DA:876,0
DA:884,0
DA:885,0
DA:886,0
DA:889,0
DA:890,0
DA:891,0
DA:893,0
DA:894,0
DA:896,0
DA:906,0
DA:907,0
DA:917,0
DA:919,0
DA:920,0
DA:921,0
DA:923,0
DA:934,0
DA:935,0
DA:936,0
DA:937,0
DA:938,0
DA:939,0
DA:941,0
DA:942,0
DA:943,0
DA:946,0
DA:948,0
DA:949,0
DA:960,0
DA:963,0
DA:964,0
DA:966,0
DA:967,0
DA:968,0
DA:969,0
DA:970,0
DA:971,0
DA:974,0
DA:977,0
DA:979,0
DA:986,0
DA:988,0
DA:989,0
DA:990,0
DA:991,0
DA:992,0
DA:993,0
DA:995,0
DA:1004,0
DA:1005,0
DA:1006,0
DA:1007,0
DA:1010,0
DA:1014,0
DA:1018,0
DA:1023,0
DA:1024,0
DA:1027,0
DA:1033,0
DA:1034,0
DA:1035,0
DA:1037,0
DA:1057,0
DA:1059,0
DA:1060,0
DA:1061,0
DA:1063,0
DA:1074,0
DA:1075,0
DA:1076,0
DA:1077,0
DA:1078,0
DA:1079,0
DA:1081,0
DA:1082,0
DA:1083,0
DA:1086,0
DA:1088,0
DA:1089,0
DA:1100,0
DA:1101,0
DA:1102,0
DA:1104,0
DA:1105,0
DA:1106,0
DA:1107,0
DA:1109,0
DA:1115,0
DA:1117,0
DA:1118,0
DA:1119,0
DA:1120,0
DA:1121,0
DA:1122,0
DA:1124,0
DA:1126,0
DA:1127,0
DA:1128,0
DA:1129,0
DA:1131,0
DA:1134,0
DA:1135,0
DA:1136,0
DA:1138,0
DA:1139,0
DA:1150,0
DA:1151,0
DA:1152,0
DA:1153,0
DA:1155,0
DA:1157,0
DA:1158,0
DA:1159,0
DA:1161,0
DA:1162,0
DA:1163,0
DA:1164,0
DA:1166,0
DA:1169,0
DA:1182,0
DA:1185,0
DA:1186,0
DA:1189,0
DA:1190,0
DA:1191,0
DA:1193,0
DA:1195,0
DA:1198,0
DA:1203,0
DA:1204,0
DA:1206,0
DA:1208,0
DA:1213,0
DA:1214,0
DA:1216,0
DA:1224,0
DA:1229,0
DA:1230,0
DA:1231,0
DA:1232,0
DA:1235,0
DA:1238,0
DA:1240,0
DA:1242,0
DA:1245,0
DA:1250,0
DA:1251,0
DA:1253,0
DA:1255,0
DA:1260,0
DA:1261,0
DA:1263,0
DA:1265,0
DA:1270,0
DA:1271,0
DA:1273,0
DA:1275,0
DA:1280,0
DA:1281,0
DA:1283,0
DA:1285,0
DA:1286,0
DA:1287,0
DA:1289,0
DA:1291,0
DA:1296,0
DA:1297,0
DA:1299,0
DA:1301,0
DA:1306,0
DA:1307,0
DA:1309,0
DA:1320,0
DA:1327,0
DA:1329,0
DA:1330,0
DA:1335,0
DA:1341,0
DA:1342,0
DA:1343,0
DA:1350,0
DA:1351,0
DA:1352,0
DA:1354,0
DA:1356,0
DA:1363,0
DA:1364,0
DA:1367,0
DA:1368,0
DA:1369,0
DA:1376,0
DA:1377,0
DA:1384,0
DA:1390,0
DA:1391,0
DA:1394,0
DA:1403,0
DA:1409,0
DA:1416,0
DA:1418,0
DA:1420,0
DA:1421,0
DA:1422,0
DA:1423,0
DA:1425,0
DA:1426,0
DA:1427,0
DA:1429,0
DA:1430,0
DA:1431,0
DA:1433,0
DA:1435,0
DA:1442,0
DA:1445,0
DA:1446,0
DA:1451,0
DA:1452,0
DA:1457,0
DA:1461,0
DA:1462,0
DA:1467,0
DA:1468,0
DA:1472,0
DA:1473,0
DA:1478,0
DA:1479,0
DA:1480,0
DA:1481,0
DA:1485,0
DA:1486,0
DA:1488,0
DA:1494,0
DA:1502,0
DA:1503,0
DA:1505,0
DA:1506,0
DA:1509,0
DA:1511,0
DA:1526,0
DA:1528,0
DA:1533,0
DA:1534,0
DA:1540,0
DA:1547,0
DA:1548,0
DA:1550,0
DA:1552,0
DA:1558,0
DA:1562,0
DA:1563,0
DA:1567,0
DA:1573,0
DA:1588,0
DA:1589,0
DA:1591,0
DA:1592,0
DA:1595,0
DA:1603,0
DA:1605,0
DA:1612,0
DA:1613,0
DA:1614,0
DA:1619,0
DA:1621,0
DA:1642,0
DA:1643,0
DA:1645,0
DA:1646,0
DA:1647,0
DA:1649,0
DA:1650,0
DA:1658,0
DA:1660,0
DA:1661,0
DA:1667,0
DA:1668,0
DA:1669,0
DA:1674,0
DA:1676,0
DA:1686,0
DA:1687,0
DA:1689,0
DA:1690,0
DA:1691,0
DA:1693,0
DA:1694,0
DA:1696,0
DA:1698,0
DA:1705,0
DA:1706,0
DA:1709,0
DA:1710,0
DA:1712,0
DA:1718,0
DA:1719,0
DA:1720,0
DA:1725,0
DA:1731,0
DA:1739,0
DA:1740,0
DA:1742,0
DA:1743,0
DA:1749,0
DA:1759,0
DA:1760,0
DA:1762,0
DA:1763,0
DA:1765,0
DA:1767,0
DA:1777,0
DA:1778,0
DA:1780,0
DA:1781,0
DA:1784,0
DA:1790,0
DA:1791,0
DA:1792,0
DA:1797,0
DA:1799,0
DA:1806,0
DA:1821,0
LF:673
LH:0
FN:146,232,ArbiterAgent.__init__
FNDA:0,ArbiterAgent.__init__
FN:234,276,ArbiterAgent.process_message
FNDA:0,ArbiterAgent.process_message
FN:278,294,ArbiterAgent._register_handlers
FNDA:0,ArbiterAgent._register_handlers
FN:296,398,ArbiterAgent._handle_report_conflict
FNDA:0,ArbiterAgent._handle_report_conflict
FN:400,470,ArbiterAgent._handle_request_arbitration
FNDA:0,ArbiterAgent._handle_request_arbitration
FN:472,520,ArbiterAgent._handle_mediate_dispute
FNDA:0,ArbiterAgent._handle_mediate_dispute
FN:522,580,ArbiterAgent._handle_resolve_contention
FNDA:0,ArbiterAgent._handle_resolve_contention
FN:582,626,ArbiterAgent._handle_get_conflict_details
FNDA:0,ArbiterAgent._handle_get_conflict_details
FN:628,707,ArbiterAgent._handle_get_active_conflicts
FNDA:0,ArbiterAgent._handle_get_active_conflicts
FN:709,761,ArbiterAgent._handle_propose_resolution
FNDA:0,ArbiterAgent._handle_propose_resolution
FN:763,823,ArbiterAgent._handle_accept_resolution
FNDA:0,ArbiterAgent._handle_accept_resolution
FN:825,874,ArbiterAgent._handle_get_relationship_status
FNDA:0,ArbiterAgent._handle_get_relationship_status
FN:876,921,ArbiterAgent._handle_get_relationship_health
FNDA:0,ArbiterAgent._handle_get_relationship_health
FN:923,993,ArbiterAgent._handle_update_relationship
FNDA:0,ArbiterAgent._handle_update_relationship
FN:995,1061,ArbiterAgent._handle_get_arbitration_report
FNDA:0,ArbiterAgent._handle_get_arbitration_report
FN:1063,1122,ArbiterAgent._handle_register_interaction
FNDA:0,ArbiterAgent._handle_register_interaction
FN:1124,1129,ArbiterAgent._create_conflict_id
FNDA:0,ArbiterAgent._create_conflict_id
FN:1131,1153,ArbiterAgent._update_relationships_for_conflict
FNDA:0,ArbiterAgent._update_relationships_for_conflict
FN:1155,1164,ArbiterAgent._update_relationships_for_resolution
FNDA:0,ArbiterAgent._update_relationships_for_resolution
FN:1166,1193,ArbiterAgent._attempt_auto_resolution
FNDA:0,ArbiterAgent._attempt_auto_resolution
FN:1195,1204,ArbiterAgent._resolve_negotiation
FNDA:0,ArbiterAgent._resolve_negotiation
FN:1206,1214,ArbiterAgent._resolve_mediation
FNDA:0,ArbiterAgent._resolve_mediation
FN:1216,1240,ArbiterAgent._resolve_arbitration
FNDA:0,ArbiterAgent._resolve_arbitration
FN:1242,1251,ArbiterAgent._resolve_priority_based
FNDA:0,ArbiterAgent._resolve_priority_based
FN:1253,1261,ArbiterAgent._resolve_round_robin
FNDA:0,ArbiterAgent._resolve_round_robin
FN:1263,1271,ArbiterAgent._resolve_resource_pooling
FNDA:0,ArbiterAgent._resolve_resource_pooling
FN:1273,1281,ArbiterAgent._resolve_task_reassignment
FNDA:0,ArbiterAgent._resolve_task_reassignment
FN:1283,1287,ArbiterAgent._resolve_escalation
FNDA:0,ArbiterAgent._resolve_escalation
FN:1289,1297,ArbiterAgent._resolve_compromise
FNDA:0,ArbiterAgent._resolve_compromise
FN:1299,1307,ArbiterAgent._resolve_consensus_vote
FNDA:0,ArbiterAgent._resolve_consensus_vote
FN:1309,1354,ArbiterAgent._conduct_mediation
FNDA:0,ArbiterAgent._conduct_mediation
FN:1356,1382,ArbiterAgent._resolve_resource_contention
FNDA:0,ArbiterAgent._resolve_resource_contention
FN:1384,1401,ArbiterAgent._resolve_task_contention
FNDA:0,ArbiterAgent._resolve_task_contention
FN:1403,1414,ArbiterAgent._resolve_generic_contention
FNDA:0,ArbiterAgent._resolve_generic_contention
FN:1416,1433,ArbiterAgent._get_next_steps
FNDA:0,ArbiterAgent._get_next_steps
FN:1435,1488,ArbiterAgent._generate_recommendations
FNDA:0,ArbiterAgent._generate_recommendations
FN:1494,1538,ArbiterAgent._emit_conflict_pattern
FNDA:0,ArbiterAgent._emit_conflict_pattern
FN:1540,1567,ArbiterAgent._consume_resolution_patterns
FNDA:0,ArbiterAgent._consume_resolution_patterns
FN:1573,1619,ArbiterAgent._initiate_deliberation_for_conflict
FNDA:0,ArbiterAgent._initiate_deliberation_for_conflict
FN:1621,1674,ArbiterAgent._submit_deliberation_position
FNDA:0,ArbiterAgent._submit_deliberation_position
FN:1676,1725,ArbiterAgent._finalize_deliberation
FNDA:0,ArbiterAgent._finalize_deliberation
FN:1731,1747,ArbiterAgent._track_resolution_memory_access
FNDA:0,ArbiterAgent._track_resolution_memory_access
FN:1749,1765,ArbiterAgent._get_conflict_memory_tier
FNDA:0,ArbiterAgent._get_conflict_memory_tier
FN:1767,1797,ArbiterAgent._prefetch_relevant_conflicts
FNDA:0,ArbiterAgent._prefetch_relevant_conflicts
FN:1799,1821,ArbiterAgent.get_learning_status
FNDA:0,ArbiterAgent.get_learning_status
FNF:45
FNH:0
end_of_record
SF:src/heretek_swarm/actors/base.py
DA:12,0
DA:13,0
DA:14,0
DA:15,0
DA:16,0
DA:17,0
DA:18,0
DA:20,0
DA:21,0
DA:22,0
DA:24,0
DA:32,0
DA:39,0
DA:57,0
DA:60,0
DA:63,0
DA:64,0
DA:65,0
DA:66,0
DA:67,0
DA:70,0
DA:71,0
DA:85,0
DA:86,0
DA:87,0
DA:88,0
DA:89,0
DA:90,0
DA:91,0
DA:94,0
DA:95,0
DA:111,0
DA:112,0
DA:113,0
DA:114,0
DA:115,0
DA:116,0
DA:117,0
DA:118,0
DA:119,0
DA:122,0
DA:155,0
DA:157,0
DA:158,0
DA:165,0
DA:167,0
DA:202,0
DA:203,0
DA:204,0
DA:205,0
DA:208,0
DA:209,0
DA:210,0
DA:211,0
DA:212,0
DA:213,0
DA:214,0
DA:215,0
DA:216,0
DA:219,0
DA:220,0
DA:221,0
DA:222,0
DA:223,0
DA:226,0
DA:227,0
DA:228,0
DA:229,0
DA:230,0
DA:231,0
DA:232,0
DA:235,0
DA:236,0
DA:237,0
DA:240,0
DA:241,0
DA:243,0
DA:252,0
DA:254,0
DA:255,0
DA:256,0
DA:257,0
DA:258,0
DA:260,0
DA:274,0
DA:275,0
DA:276,0
DA:277,0
DA:281,0
DA:282,0
DA:284,0
DA:285,0
DA:287,0
DA:295,0
DA:296,0
DA:300,0
DA:312,0
DA:313,0
DA:314,0
DA:316,0
DA:317,0
DA:322,0
DA:323,0
DA:326,0
DA:327,0
DA:330,0
DA:331,0
DA:334,0
DA:336,0
DA:340,0
DA:341,0
DA:342,0
DA:343,0
DA:344,0
DA:346,0
DA:356,0
DA:357,0
DA:359,0
DA:362,0
DA:365,0
DA:368,0
DA:371,0
DA:373,0
DA:374,0
DA:375,0
DA:376,0
DA:377,0
DA:379,0
DA:381,0
DA:383,0
DA:384,0
DA:385,0
DA:387,0
DA:388,0
DA:389,0
DA:391,0
DA:392,0
DA:394,0
DA:395,0
DA:397,0
DA:398,0
DA:400,0
DA:402,0
DA:425,0
DA:427,0
DA:438,0
DA:439,0
DA:440,0
DA:442,0
DA:454,0
DA:458,0
DA:459,0
DA:460,0
DA:467,0
DA:468,0
DA:469,0
DA:471,0
DA:472,0
DA:473,0
DA:474,0
DA:475,0
DA:476,0
DA:477,0
DA:481,0
DA:482,0
DA:483,0
DA:489,0
DA:495,0
DA:496,0
DA:498,0
DA:500,0
DA:501,0
DA:502,0
DA:503,0
DA:508,0
DA:527,0
DA:530,0
DA:531,0
DA:532,0
DA:533,0
DA:534,0
DA:545,0
DA:546,0
DA:550,0
DA:551,0
DA:552,0
DA:558,0
DA:569,0
DA:594,0
DA:597,0
DA:598,0
DA:600,0
DA:606,0
DA:609,0
DA:611,0
DA:614,0
DA:616,0
DA:618,0
DA:627,0
DA:628,0
DA:633,0
DA:638,0
DA:640,0
DA:641,0
DA:645,0
DA:649,0
DA:651,0
DA:659,0
DA:660,0
DA:662,0
DA:663,0
DA:664,0
DA:668,0
DA:672,0
DA:673,0
DA:674,0
DA:676,0
DA:680,0
DA:683,0
DA:687,0
DA:689,0
DA:691,0
DA:693,0
DA:694,0
DA:696,0
DA:701,0
DA:702,0
DA:703,0
DA:706,0
DA:709,0
DA:710,0
DA:711,0
DA:712,0
DA:718,0
DA:720,0
DA:722,0
DA:723,0
DA:724,0
DA:725,0
DA:726,0
DA:727,0
DA:745,0
DA:751,0
DA:753,0
DA:760,0
DA:762,0
DA:763,0
DA:764,0
DA:765,0
DA:766,0
DA:769,0
DA:772,0
DA:774,0
DA:775,0
DA:776,0
DA:778,0
DA:780,0
DA:781,0
DA:782,0
DA:784,0
DA:785,0
DA:786,0
DA:790,0
DA:791,0
DA:792,0
DA:793,0
DA:794,0
DA:795,0
DA:797,0
DA:803,0
DA:805,0
DA:812,0
DA:814,0
DA:827,0
DA:828,0
DA:830,0
DA:831,0
DA:832,0
DA:834,0
DA:840,0
DA:844,0
DA:845,0
DA:846,0
DA:852,0
DA:853,0
DA:854,0
DA:855,0
DA:856,0
DA:867,0
DA:871,0
DA:872,0
DA:873,0
DA:879,0
DA:880,0
DA:881,0
DA:882,0
DA:883,0
DA:885,0
DA:886,0
DA:888,0
DA:892,0
DA:893,0
DA:898,0
DA:904,0
DA:907,0
DA:908,0
DA:909,0
DA:910,0
DA:911,0
DA:912,0
DA:914,0
DA:915,0
DA:916,0
DA:917,0
DA:918,0
DA:919,0
DA:920,0
DA:921,0
DA:923,0
DA:927,0
DA:928,0
DA:929,0
DA:935,0
DA:936,0
DA:937,0
DA:938,0
DA:939,0
DA:943,0
DA:944,0
DA:945,0
DA:946,0
DA:947,0
DA:948,0
DA:949,0
DA:950,0
DA:951,0
DA:952,0
DA:954,0
DA:958,0
DA:959,0
DA:960,0
DA:966,0
DA:967,0
DA:968,0
DA:970,0
DA:971,0
DA:972,0
DA:974,0
DA:975,0
DA:976,0
DA:977,0
DA:978,0
DA:979,0
DA:980,0
DA:981,0
DA:983,0
DA:987,0
DA:988,0
DA:989,0
DA:992,0
DA:994,0
DA:1012,0
DA:1013,0
DA:1014,0
DA:1016,0
DA:1027,0
DA:1028,0
DA:1029,0
DA:1035,0
DA:1039,0
DA:1040,0
DA:1041,0
DA:1045,0
DA:1047,0
DA:1060,0
DA:1061,0
DA:1062,0
DA:1064,0
DA:1065,0
DA:1070,0
DA:1072,0
DA:1073,0
DA:1078,0
DA:1079,0
DA:1080,0
DA:1084,0
DA:1086,0
DA:1099,0
DA:1100,0
DA:1102,0
DA:1103,0
DA:1107,0
DA:1108,0
DA:1112,0
DA:1114,0
DA:1121,0
DA:1133,0
DA:1135,0
DA:1136,0
DA:1137,0
DA:1139,0
DA:1141,0
DA:1142,0
DA:1143,0
DA:1145,0
DA:1158,0
DA:1159,0
DA:1160,0
DA:1161,0
DA:1167,0
DA:1171,0
DA:1172,0
DA:1173,0
DA:1179,0
DA:1180,0
DA:1181,0
DA:1191,0
DA:1192,0
DA:1193,0
DA:1194,0
DA:1195,0
DA:1196,0
DA:1197,0
DA:1198,0
DA:1202,0
DA:1206,0
DA:1209,0
DA:1220,0
DA:1223,0
DA:1224,0
DA:1225,0
DA:1226,0
DA:1228,0
DA:1229,0
DA:1230,0
DA:1231,0
DA:1233,0
DA:1235,0
DA:1249,0
DA:1252,0
DA:1253,0
DA:1254,0
DA:1255,0
DA:1256,0
DA:1257,0
DA:1259,0
DA:1262,0
DA:1263,0
DA:1264,0
DA:1265,0
DA:1266,0
DA:1267,0
DA:1269,0
DA:1272,0
DA:1273,0
DA:1274,0
DA:1275,0
DA:1276,0
DA:1277,0
DA:1278,0
DA:1279,0
DA:1281,0
DA:1292,0
DA:1293,0
DA:1294,0
DA:1295,0
DA:1296,0
DA:1297,0
DA:1298,0
DA:1299,0
DA:1300,0
DA:1303,0
DA:1304,0
DA:1305,0
DA:1306,0
DA:1307,0
DA:1308,0
DA:1309,0
DA:1310,0
DA:1311,0
DA:1313,0
DA:1323,0
DA:1332,0
DA:1333,0
DA:1344,0
DA:1369,0
DA:1370,0
DA:1371,0
DA:1381,0
DA:1382,0
DA:1390,0
DA:1391,0
DA:1394,0
DA:1403,0
DA:1412,0
DA:1413,0
DA:1414,0
DA:1415,0
DA:1416,0
DA:1417,0
DA:1418,0
DA:1419,0
DA:1421,0
DA:1429,0
DA:1431,0
DA:1442,0
DA:1444,0
DA:1460,0
DA:1461,0
DA:1463,0
DA:1464,0
DA:1472,0
DA:1473,0
DA:1474,0
DA:1475,0
DA:1476,0
DA:1477,0
LF:517
LH:0
FN:158,165,AgentActor.get_actor_type
FNDA:0,AgentActor.get_actor_type
FN:167,250,AgentActor.__init__
FNDA:0,AgentActor.__init__
FN:252,258,AgentActor._register_default_handlers
FNDA:0,AgentActor._register_default_handlers
FN:260,285,AgentActor._validate_message_content
FNDA:0,AgentActor._validate_message_content
FN:287,298,AgentActor.register_handler
FNDA:0,AgentActor.register_handler
FN:300,344,AgentActor.spawn
FNDA:0,AgentActor.spawn
FN:346,377,AgentActor.terminate
FNDA:0,AgentActor.terminate
FN:379,400,AgentActor._cancel_tasks
FNDA:0,AgentActor._cancel_tasks
FN:402,496,AgentActor.send
FNDA:0,AgentActor.send
FN:498,506,AgentActor._queue_message
FNDA:0,AgentActor._queue_message
FN:508,567,AgentActor.send_to_actor
FNDA:0,AgentActor.send_to_actor
FN:569,649,AgentActor.send_with_reply
FNDA:0,AgentActor.send_with_reply
FN:609,611,AgentActor.send_with_reply.handle_reply
FNDA:0,AgentActor.send_with_reply.handle_reply
FN:651,687,AgentActor.put_message
FNDA:0,AgentActor.put_message
FN:689,730,AgentActor._process_mailbox
FNDA:0,AgentActor._process_mailbox
FN:733,743,AgentActor.process_message
FNDA:0,AgentActor.process_message
FN:745,751,AgentActor.initialize
FNDA:0,AgentActor.initialize
FN:753,776,AgentActor.cleanup
FNDA:0,AgentActor.cleanup
FN:778,795,AgentActor._heartbeat_loop
FNDA:0,AgentActor._heartbeat_loop
FN:797,803,AgentActor.heartbeat
FNDA:0,AgentActor.heartbeat
FN:805,896,AgentActor.save_state
FNDA:0,AgentActor.save_state
FN:898,992,AgentActor.load_state
FNDA:0,AgentActor.load_state
FN:994,1045,AgentActor.save_checkpoint
FNDA:0,AgentActor.save_checkpoint
FN:1047,1084,AgentActor.restore_from_checkpoint
FNDA:0,AgentActor.restore_from_checkpoint
FN:1086,1112,AgentActor.get_checkpoints
FNDA:0,AgentActor.get_checkpoints
FN:1114,1131,AgentActor.get_status
FNDA:0,AgentActor.get_status
FN:1133,1137,AgentActor.suspend
FNDA:0,AgentActor.suspend
FN:1139,1143,AgentActor.resume
FNDA:0,AgentActor.resume
FN:1145,1217,AgentActor.broadcast
FNDA:0,AgentActor.broadcast
FN:1220,1247,AgentActor._handle_health_check
FNDA:0,AgentActor._handle_health_check
FN:1249,1257,AgentActor._handle_suspend
FNDA:0,AgentActor._handle_suspend
FN:1259,1267,AgentActor._handle_resume
FNDA:0,AgentActor._handle_resume
FN:1269,1279,AgentActor._handle_terminate
FNDA:0,AgentActor._handle_terminate
FN:1281,1342,AgentActor._handle_collective_task
FNDA:0,AgentActor._handle_collective_task
FN:1344,1401,AgentActor._generate_collective_contribution
FNDA:0,AgentActor._generate_collective_contribution
FN:1403,1419,AgentActor._get_actor_registry
FNDA:0,AgentActor._get_actor_registry
FN:1421,1429,AgentActor.update_state
FNDA:0,AgentActor.update_state
FN:1431,1442,AgentActor.get_state
FNDA:0,AgentActor.get_state
FN:1444,1477,AgentActor.run_with_llm
FNDA:0,AgentActor.run_with_llm
FNF:39
FNH:0
end_of_record
SF:src/heretek_swarm/actors/catalyst.py
DA:16,0
DA:18,0
DA:19,0
DA:20,0
DA:21,0
DA:22,0
DA:23,0
DA:25,0
DA:27,0
DA:28,0
DA:31,0
DA:34,0
DA:37,0
DA:40,0
DA:42,0
DA:45,0
DA:47,0
DA:48,0
DA:49,0
DA:50,0
DA:51,0
DA:52,0
DA:53,0
DA:54,0
DA:55,0
DA:58,0
DA:60,0
DA:61,0
DA:62,0
DA:63,0
DA:64,0
DA:65,0
DA:66,0
DA:69,0
DA:71,0
DA:72,0
DA:73,0
DA:74,0
DA:77,0
DA:78,0
DA:80,0
DA:81,0
DA:82,0
DA:83,0
DA:84,0
DA:85,0
DA:86,0
DA:87,0
DA:88,0
DA:89,0
DA:90,0
DA:91,0
DA:92,0
DA:93,0
DA:94,0
DA:95,0
DA:97,0
DA:99,0
DA:120,0
DA:121,0
DA:123,0
DA:124,0
DA:125,0
DA:126,0
DA:127,0
DA:128,0
DA:130,0
DA:132,0
DA:143,0
DA:167,0
DA:177,0
DA:183,0
DA:184,0
DA:187,0
DA:188,0
DA:191,0
DA:194,0
DA:195,0
DA:198,0
DA:201,0
DA:206,0
DA:209,0
DA:212,0
DA:213,0
DA:215,0
DA:224,0
DA:226,0
DA:227,0
DA:228,0
DA:229,0
DA:230,0
DA:231,0
DA:232,0
DA:234,0
DA:249,0
DA:250,0
DA:252,0
DA:253,0
DA:258,0
DA:260,0
DA:262,0
DA:263,0
DA:268,0
DA:270,0
DA:271,0
DA:273,0
DA:286,0
DA:288,0
DA:297,0
DA:299,0
DA:308,0
DA:309,0
DA:310,0
DA:316,0
DA:323,0
DA:324,0
DA:325,0
DA:327,0
DA:328,0
DA:333,0
DA:335,0
DA:336,0
DA:339,0
DA:354,0
DA:356,0
DA:365,0
DA:366,0
DA:367,0
DA:373,0
DA:383,0
DA:384,0
DA:385,0
DA:386,0
DA:387,0
DA:389,0
DA:390,0
DA:395,0
DA:397,0
DA:398,0
DA:400,0
DA:401,0
DA:403,0
DA:404,0
DA:405,0
DA:411,0
DA:412,0
DA:420,0
DA:426,0
DA:441,0
DA:442,0
DA:443,0
DA:449,0
DA:457,0
DA:458,0
DA:459,0
DA:460,0
DA:462,0
DA:463,0
DA:468,0
DA:470,0
DA:472,0
DA:473,0
DA:478,0
DA:480,0
DA:481,0
DA:483,0
DA:489,0
DA:491,0
DA:500,0
DA:501,0
DA:502,0
DA:508,0
DA:515,0
DA:516,0
DA:517,0
DA:519,0
DA:520,0
DA:525,0
DA:527,0
DA:528,0
DA:529,0
DA:531,0
DA:540,0
DA:549,0
DA:550,0
DA:551,0
DA:557,0
DA:565,0
DA:566,0
DA:567,0
DA:568,0
DA:570,0
DA:571,0
DA:576,0
DA:578,0
DA:580,0
DA:581,0
DA:586,0
DA:589,0
DA:590,0
DA:602,0
DA:604,0
DA:611,0
DA:620,0
DA:621,0
DA:622,0
DA:628,0
DA:635,0
DA:636,0
DA:637,0
DA:639,0
DA:640,0
DA:645,0
DA:647,0
DA:648,0
DA:649,0
DA:652,0
DA:654,0
DA:659,0
DA:661,0
DA:670,0
DA:671,0
DA:672,0
DA:678,0
DA:685,0
DA:686,0
DA:687,0
DA:689,0
DA:690,0
DA:695,0
DA:697,0
DA:699,0
DA:708,0
DA:709,0
DA:710,0
DA:716,0
DA:725,0
DA:726,0
DA:727,0
DA:728,0
DA:729,0
DA:731,0
DA:734,0
DA:735,0
DA:738,0
DA:739,0
DA:742,0
DA:744,0
DA:753,0
DA:754,0
DA:755,0
DA:761,0
DA:770,0
DA:771,0
DA:772,0
DA:773,0
DA:774,0
DA:776,0
DA:777,0
DA:782,0
DA:784,0
DA:785,0
DA:792,0
DA:795,0
DA:796,0
DA:797,0
DA:799,0
DA:806,0
DA:815,0
DA:816,0
DA:817,0
DA:823,0
DA:825,0
DA:826,0
DA:828,0
DA:829,0
DA:836,0
DA:839,0
DA:840,0
DA:841,0
DA:843,0
DA:845,0
DA:852,0
DA:855,0
DA:856,0
DA:859,0
DA:860,0
DA:861,0
DA:863,0
DA:865,0
DA:867,0
DA:869,0
DA:870,0
DA:871,0
DA:873,0
DA:874,0
DA:876,0
DA:877,0
DA:878,0
DA:880,0
DA:881,0
DA:883,0
DA:884,0
DA:886,0
DA:888,0
DA:890,0
DA:891,0
DA:892,0
DA:894,0
DA:903,0
DA:906,0
DA:907,0
DA:913,0
DA:921,0
DA:922,0
DA:924,0
DA:925,0
DA:927,0
DA:928,0
DA:943,0
DA:944,0
DA:945,0
DA:946,0
DA:948,0
DA:950,0
DA:951,0
DA:953,0
DA:954,0
DA:958,0
DA:959,0
DA:960,0
DA:961,0
DA:967,0
DA:973,0
DA:974,0
DA:976,0
DA:977,0
DA:978,0
DA:984,0
DA:986,0
DA:987,0
DA:988,0
DA:989,0
DA:990,0
DA:992,0
DA:1001,0
DA:1002,0
DA:1004,0
DA:1005,0
DA:1006,0
DA:1008,0
DA:1009,0
DA:1017,0
DA:1018,0
DA:1024,0
DA:1025,0
DA:1026,0
DA:1027,0
DA:1029,0
DA:1031,0
DA:1032,0
DA:1034,0
DA:1035,0
DA:1036,0
DA:1038,0
DA:1039,0
DA:1041,0
DA:1042,0
DA:1045,0
DA:1051,0
DA:1052,0
DA:1054,0
DA:1056,0
DA:1057,0
DA:1058,0
DA:1059,0
DA:1065,0
DA:1067,0
DA:1068,0
DA:1070,0
DA:1071,0
DA:1077,0
DA:1079,0
DA:1080,0
DA:1082,0
DA:1083,0
DA:1084,0
DA:1086,0
DA:1088,0
DA:1089,0
DA:1091,0
DA:1092,0
DA:1093,0
DA:1098,0
DA:1099,0
DA:1100,0
DA:1102,0
DA:1104,0
DA:1119,0
DA:1126,0
DA:1135,0
DA:1137,0
LF:402
LH:0
FN:97,117,ChangeRequest.to_dict
FNDA:0,ChangeRequest.to_dict
FN:130,140,ChangeNotification.to_dict
FNDA:0,ChangeNotification.to_dict
FN:167,222,CatalystAgent.__init__
FNDA:0,CatalystAgent.__init__
FN:224,232,CatalystAgent._validate_message
FNDA:0,CatalystAgent._validate_message
FN:234,314,CatalystAgent._handle_propose_change
FNDA:0,CatalystAgent._handle_propose_change
FN:316,371,CatalystAgent._handle_analyze_change
FNDA:0,CatalystAgent._handle_analyze_change
FN:373,447,CatalystAgent._handle_approve_change
FNDA:0,CatalystAgent._handle_approve_change
FN:449,506,CatalystAgent._handle_schedule_change
FNDA:0,CatalystAgent._handle_schedule_change
FN:508,555,CatalystAgent._handle_execute_change
FNDA:0,CatalystAgent._handle_execute_change
FN:557,626,CatalystAgent._handle_request_rollback
FNDA:0,CatalystAgent._handle_request_rollback
FN:628,676,CatalystAgent._handle_execute_rollback
FNDA:0,CatalystAgent._handle_execute_rollback
FN:678,714,CatalystAgent._handle_get_change_status
FNDA:0,CatalystAgent._handle_get_change_status
FN:716,759,CatalystAgent._handle_get_change_history
FNDA:0,CatalystAgent._handle_get_change_history
FN:761,821,CatalystAgent._handle_notify_stakeholders
FNDA:0,CatalystAgent._handle_notify_stakeholders
FN:823,841,CatalystAgent._notify_stakeholders
FNDA:0,CatalystAgent._notify_stakeholders
FN:843,863,CatalystAgent._calculate_risk_score
FNDA:0,CatalystAgent._calculate_risk_score
FN:865,886,CatalystAgent._generate_recommendations
FNDA:0,CatalystAgent._generate_recommendations
FN:888,907,CatalystAgent._record_change_event
FNDA:0,CatalystAgent._record_change_event
FN:913,946,CatalystAgent._emit_change_pattern
FNDA:0,CatalystAgent._emit_change_pattern
FN:948,961,CatalystAgent._consume_change_patterns
FNDA:0,CatalystAgent._consume_change_patterns
FN:967,990,CatalystAgent._initiate_deliberation_for_change
FNDA:0,CatalystAgent._initiate_deliberation_for_change
FN:992,1027,CatalystAgent._submit_deliberation_position
FNDA:0,CatalystAgent._submit_deliberation_position
FN:1029,1059,CatalystAgent._finalize_deliberation
FNDA:0,CatalystAgent._finalize_deliberation
FN:1065,1075,CatalystAgent._track_change_memory_access
FNDA:0,CatalystAgent._track_change_memory_access
FN:1077,1084,CatalystAgent._get_change_memory_tier
FNDA:0,CatalystAgent._get_change_memory_tier
FN:1086,1100,CatalystAgent._prefetch_relevant_changes
FNDA:0,CatalystAgent._prefetch_relevant_changes
FN:1102,1117,CatalystAgent.get_learning_status
FNDA:0,CatalystAgent.get_learning_status
FN:1119,1133,CatalystAgent._send_error
FNDA:0,CatalystAgent._send_error
FN:1135,1144,CatalystAgent.get_capabilities
FNDA:0,CatalystAgent.get_capabilities
FNF:29
FNH:0
end_of_record
SF:src/heretek_swarm/actors/chronos.py
DA:16,0
DA:18,0
DA:19,0
DA:20,0
DA:21,0
DA:22,0
DA:23,0
DA:25,0
DA:27,0
DA:28,0
DA:31,0
DA:34,0
DA:37,0
DA:40,0
DA:43,0
DA:46,0
DA:48,0
DA:49,0
DA:50,0
DA:51,0
DA:52,0
DA:53,0
DA:54,0
DA:57,0
DA:59,0
DA:60,0
DA:61,0
DA:62,0
DA:63,0
DA:64,0
DA:65,0
DA:66,0
DA:69,0
DA:71,0
DA:72,0
DA:73,0
DA:74,0
DA:75,0
DA:78,0
DA:79,0
DA:81,0
DA:82,0
DA:83,0
DA:84,0
DA:85,0
DA:86,0
DA:87,0
DA:88,0
DA:89,0
DA:90,0
DA:91,0
DA:92,0
DA:93,0
DA:94,0
DA:95,0
DA:96,0
DA:97,0
DA:98,0
DA:100,0
DA:102,0
DA:124,0
DA:125,0
DA:127,0
DA:128,0
DA:129,0
DA:130,0
DA:131,0
DA:132,0
DA:133,0
DA:134,0
DA:136,0
DA:138,0
DA:151,0
DA:175,0
DA:186,0
DA:192,0
DA:193,0
DA:194,0
DA:197,0
DA:198,0
DA:201,0
DA:202,0
DA:203,0
DA:206,0
DA:210,0
DA:213,0
DA:218,0
DA:221,0
DA:224,0
DA:225,0
DA:228,0
DA:235,0
DA:237,0
DA:238,0
DA:239,0
DA:240,0
DA:242,0
DA:244,0
DA:245,0
DA:246,0
DA:247,0
DA:248,0
DA:249,0
DA:250,0
DA:251,0
DA:252,0
DA:253,0
DA:255,0
DA:257,0
DA:258,0
DA:259,0
DA:260,0
DA:261,0
DA:262,0
DA:263,0
DA:265,0
DA:267,0
DA:268,0
DA:269,0
DA:272,0
DA:273,0
DA:275,0
DA:276,0
DA:277,0
DA:278,0
DA:279,0
DA:281,0
DA:284,0
DA:287,0
DA:288,0
DA:291,0
DA:294,0
DA:296,0
DA:297,0
DA:299,0
DA:301,0
DA:303,0
DA:304,0
DA:305,0
DA:307,0
DA:315,0
DA:316,0
DA:330,0
DA:331,0
DA:334,0
DA:335,0
DA:338,0
DA:339,0
DA:341,0
DA:342,0
DA:343,0
DA:345,0
DA:347,0
DA:348,0
DA:351,0
DA:352,0
DA:353,0
DA:356,0
DA:358,0
DA:359,0
DA:360,0
DA:361,0
DA:362,0
DA:363,0
DA:364,0
DA:366,0
DA:367,0
DA:368,0
DA:369,0
DA:370,0
DA:371,0
DA:372,0
DA:374,0
DA:376,0
DA:377,0
DA:378,0
DA:379,0
DA:380,0
DA:386,0
DA:388,0
DA:390,0
DA:391,0
DA:392,0
DA:394,0
DA:396,0
DA:397,0
DA:398,0
DA:399,0
DA:402,0
DA:403,0
DA:404,0
DA:405,0
DA:406,0
DA:407,0
DA:409,0
DA:411,0
DA:412,0
DA:427,0
DA:446,0
DA:447,0
DA:449,0
DA:450,0
DA:455,0
DA:457,0
DA:459,0
DA:460,0
DA:465,0
DA:467,0
DA:468,0
DA:470,0
DA:471,0
DA:473,0
DA:474,0
DA:476,0
DA:492,0
DA:493,0
DA:495,0
DA:503,0
DA:512,0
DA:513,0
DA:514,0
DA:520,0
DA:527,0
DA:528,0
DA:529,0
DA:531,0
DA:532,0
DA:537,0
DA:539,0
DA:541,0
DA:542,0
DA:547,0
DA:549,0
DA:552,0
DA:554,0
DA:556,0
DA:565,0
DA:566,0
DA:567,0
DA:573,0
DA:580,0
DA:581,0
DA:582,0
DA:584,0
DA:585,0
DA:590,0
DA:592,0
DA:594,0
DA:595,0
DA:600,0
DA:602,0
DA:605,0
DA:607,0
DA:609,0
DA:618,0
DA:619,0
DA:620,0
DA:626,0
DA:633,0
DA:634,0
DA:635,0
DA:637,0
DA:638,0
DA:643,0
DA:645,0
DA:647,0
DA:648,0
DA:653,0
DA:655,0
DA:656,0
DA:658,0
DA:660,0
DA:669,0
DA:670,0
DA:671,0
DA:677,0
DA:684,0
DA:685,0
DA:686,0
DA:688,0
DA:689,0
DA:694,0
DA:696,0
DA:698,0
DA:707,0
DA:708,0
DA:709,0
DA:715,0
DA:727,0
DA:728,0
DA:730,0
DA:731,0
DA:736,0
DA:738,0
DA:740,0
DA:741,0
DA:746,0
DA:748,0
DA:751,0
DA:752,0
DA:754,0
DA:755,0
DA:756,0
DA:757,0
DA:758,0
DA:759,0
DA:760,0
DA:761,0
DA:762,0
DA:764,0
DA:773,0
DA:775,0
DA:782,0
DA:791,0
DA:792,0
DA:793,0
DA:799,0
DA:806,0
DA:807,0
DA:808,0
DA:810,0
DA:811,0
DA:816,0
DA:818,0
DA:819,0
DA:820,0
DA:823,0
DA:824,0
DA:826,0
DA:828,0
DA:840,0
DA:841,0
DA:842,0
DA:848,0
DA:856,0
DA:857,0
DA:858,0
DA:859,0
DA:861,0
DA:864,0
DA:865,0
DA:866,0
DA:867,0
DA:868,0
DA:869,0
DA:872,0
DA:875,0
DA:877,0
DA:890,0
DA:891,0
DA:892,0
DA:898,0
DA:906,0
DA:907,0
DA:908,0
DA:909,0
DA:911,0
DA:912,0
DA:915,0
DA:920,0
DA:922,0
DA:936,0
DA:937,0
DA:938,0
DA:944,0
DA:954,0
DA:955,0
DA:957,0
DA:958,0
DA:959,0
DA:960,0
DA:963,0
DA:973,0
DA:974,0
DA:976,0
DA:982,0
DA:991,0
DA:992,0
DA:993,0
DA:1004,0
DA:1006,0
DA:1007,0
DA:1009,0
DA:1010,0
DA:1012,0
DA:1013,0
DA:1022,0
DA:1023,0
DA:1024,0
DA:1025,0
DA:1027,0
DA:1029,0
DA:1030,0
DA:1032,0
DA:1033,0
DA:1037,0
DA:1038,0
DA:1039,0
DA:1040,0
DA:1046,0
DA:1054,0
DA:1055,0
DA:1057,0
DA:1058,0
DA:1059,0
DA:1065,0
DA:1067,0
DA:1068,0
DA:1069,0
DA:1070,0
DA:1071,0
DA:1073,0
DA:1082,0
DA:1083,0
DA:1085,0
DA:1086,0
DA:1087,0
DA:1089,0
DA:1090,0
DA:1098,0
DA:1099,0
DA:1105,0
DA:1106,0
DA:1107,0
DA:1108,0
DA:1110,0
DA:1112,0
DA:1113,0
DA:1115,0
DA:1116,0
DA:1117,0
DA:1119,0
DA:1120,0
DA:1122,0
DA:1123,0
DA:1124,0
DA:1125,0
DA:1127,0
DA:1128,0
DA:1129,0
DA:1130,0
DA:1136,0
DA:1138,0
DA:1139,0
DA:1141,0
DA:1142,0
DA:1148,0
DA:1150,0
DA:1151,0
DA:1153,0
DA:1154,0
DA:1155,0
DA:1157,0
DA:1159,0
DA:1160,0
DA:1162,0
DA:1163,0
DA:1164,0
DA:1169,0
DA:1170,0
DA:1171,0
DA:1173,0
DA:1175,0
DA:1191,0
DA:1198,0
DA:1207,0
DA:1209,0
LF:467
LH:0
FN:100,121,ScheduledTask.to_dict
FNDA:0,ScheduledTask.to_dict
FN:136,148,Deadline.to_dict
FNDA:0,Deadline.to_dict
FN:175,233,ChronosAgent.__init__
FNDA:0,ChronosAgent.__init__
FN:235,240,ChronosAgent.initialize
FNDA:0,ChronosAgent.initialize
FN:242,253,ChronosAgent.terminate
FNDA:0,ChronosAgent.terminate
FN:255,263,ChronosAgent._validate_message
FNDA:0,ChronosAgent._validate_message
FN:265,299,ChronosAgent._run_scheduler
FNDA:0,ChronosAgent._run_scheduler
FN:301,343,ChronosAgent._execute_task
FNDA:0,ChronosAgent._execute_task
FN:345,384,ChronosAgent._schedule_next_run
FNDA:0,ChronosAgent._schedule_next_run
FN:386,407,ChronosAgent._check_deadlines
FNDA:0,ChronosAgent._check_deadlines
FN:409,425,ChronosAgent._send_deadline_warning
FNDA:0,ChronosAgent._send_deadline_warning
FN:427,518,ChronosAgent._handle_schedule_task
FNDA:0,ChronosAgent._handle_schedule_task
FN:520,571,ChronosAgent._handle_cancel_task
FNDA:0,ChronosAgent._handle_cancel_task
FN:573,624,ChronosAgent._handle_pause_task
FNDA:0,ChronosAgent._handle_pause_task
FN:626,675,ChronosAgent._handle_resume_task
FNDA:0,ChronosAgent._handle_resume_task
FN:677,713,ChronosAgent._handle_get_task_status
FNDA:0,ChronosAgent._handle_get_task_status
FN:715,797,ChronosAgent._handle_set_deadline
FNDA:0,ChronosAgent._handle_set_deadline
FN:799,846,ChronosAgent._handle_check_deadline
FNDA:0,ChronosAgent._handle_check_deadline
FN:848,896,ChronosAgent._handle_get_timeline
FNDA:0,ChronosAgent._handle_get_timeline
FN:898,942,ChronosAgent._handle_get_schedule
FNDA:0,ChronosAgent._handle_get_schedule
FN:944,997,ChronosAgent._handle_register_reminder
FNDA:0,ChronosAgent._handle_register_reminder
FN:1004,1025,ChronosAgent._emit_pattern
FNDA:0,ChronosAgent._emit_pattern
FN:1027,1040,ChronosAgent._consume_patterns
FNDA:0,ChronosAgent._consume_patterns
FN:1046,1071,ChronosAgent._initiate_deliberation
FNDA:0,ChronosAgent._initiate_deliberation
FN:1073,1108,ChronosAgent._submit_deliberation_position
FNDA:0,ChronosAgent._submit_deliberation_position
FN:1110,1130,ChronosAgent._finalize_deliberation
FNDA:0,ChronosAgent._finalize_deliberation
FN:1136,1146,ChronosAgent._track_memory_access
FNDA:0,ChronosAgent._track_memory_access
FN:1148,1155,ChronosAgent._get_memory_tier
FNDA:0,ChronosAgent._get_memory_tier
FN:1157,1171,ChronosAgent._prefetch_relevant
FNDA:0,ChronosAgent._prefetch_relevant
FN:1173,1188,ChronosAgent.get_learning_status
FNDA:0,ChronosAgent.get_learning_status
FN:1191,1205,ChronosAgent._send_error
FNDA:0,ChronosAgent._send_error
FN:1207,1216,ChronosAgent.get_capabilities
FNDA:0,ChronosAgent.get_capabilities
FNF:32
FNH:0
end_of_record
SF:src/heretek_swarm/actors/coder.py
DA:16,0
DA:17,0
DA:18,0
DA:19,0
DA:20,0
DA:21,0
DA:22,0
DA:24,0
DA:25,0
DA:26,0
DA:28,0
DA:29,0
DA:30,0
DA:38,0
DA:41,0
DA:44,0
DA:47,0
DA:50,0
DA:53,0
DA:55,0
DA:56,0
DA:57,0
DA:58,0
DA:59,0
DA:60,0
DA:61,0
DA:62,0
DA:63,0
DA:64,0
DA:65,0
DA:66,0
DA:69,0
DA:71,0
DA:72,0
DA:73,0
DA:74,0
DA:75,0
DA:76,0
DA:77,0
DA:78,0
DA:81,0
DA:83,0
DA:84,0
DA:85,0
DA:86,0
DA:87,0
DA:90,0
DA:91,0
DA:93,0
DA:94,0
DA:95,0
DA:96,0
DA:97,0
DA:98,0
DA:99,0
DA:100,0
DA:101,0
DA:102,0
DA:105,0
DA:106,0
DA:108,0
DA:109,0
DA:110,0
DA:111,0
DA:112,0
DA:113,0
DA:114,0
DA:117,0
DA:118,0
DA:120,0
DA:121,0
DA:122,0
DA:123,0
DA:124,0
DA:125,0
DA:126,0
DA:127,0
DA:128,0
DA:129,0
DA:132,0
DA:133,0
DA:135,0
DA:136,0
DA:137,0
DA:138,0
DA:139,0
DA:140,0
DA:141,0
DA:142,0
DA:143,0
DA:144,0
DA:147,0
DA:148,0
DA:150,0
DA:151,0
DA:152,0
DA:153,0
DA:154,0
DA:155,0
DA:156,0
DA:157,0
DA:158,0
DA:159,0
DA:160,0
DA:163,0
DA:171,0
DA:172,0
DA:180,0
DA:181,0
DA:182,0
DA:185,0
DA:186,0
DA:189,0
DA:190,0
DA:191,0
DA:194,0
DA:195,0
DA:198,0
DA:199,0
DA:200,0
DA:204,0
DA:207,0
DA:212,0
DA:215,0
DA:218,0
DA:221,0
DA:222,0
DA:225,0
DA:231,0
DA:233,0
DA:244,0
DA:256,0
DA:258,0
DA:261,0
DA:262,0
DA:263,0
DA:264,0
DA:265,0
DA:266,0
DA:267,0
DA:269,0
DA:276,0
DA:283,0
DA:284,0
DA:295,0
DA:298,0
DA:299,0
DA:300,0
DA:305,0
DA:308,0
DA:309,0
DA:310,0
DA:311,0
DA:312,0
DA:314,0
DA:324,0
DA:325,0
DA:326,0
DA:328,0
DA:339,0
DA:341,0
DA:344,0
DA:345,0
DA:346,0
DA:347,0
DA:348,0
DA:349,0
DA:351,0
DA:358,0
DA:365,0
DA:366,0
DA:367,0
DA:376,0
DA:379,0
DA:380,0
DA:381,0
DA:384,0
DA:385,0
DA:397,0
DA:399,0
DA:421,0
DA:422,0
DA:423,0
DA:425,0
DA:436,0
DA:438,0
DA:441,0
DA:442,0
DA:443,0
DA:445,0
DA:446,0
DA:447,0
DA:449,0
DA:450,0
DA:457,0
DA:458,0
DA:460,0
DA:467,0
DA:474,0
DA:475,0
DA:476,0
DA:477,0
DA:478,0
DA:479,0
DA:481,0
DA:490,0
DA:491,0
DA:492,0
DA:494,0
DA:505,0
DA:506,0
DA:507,0
DA:508,0
DA:509,0
DA:511,0
DA:517,0
DA:523,0
DA:530,0
DA:531,0
DA:532,0
DA:534,0
DA:545,0
DA:546,0
DA:547,0
DA:548,0
DA:549,0
DA:551,0
DA:557,0
DA:563,0
DA:570,0
DA:571,0
DA:572,0
DA:574,0
DA:585,0
DA:586,0
DA:587,0
DA:588,0
DA:589,0
DA:591,0
DA:597,0
DA:603,0
DA:611,0
DA:612,0
DA:613,0
DA:615,0
DA:626,0
DA:627,0
DA:628,0
DA:629,0
DA:630,0
DA:632,0
DA:638,0
DA:644,0
DA:650,0
DA:651,0
DA:652,0
DA:654,0
DA:667,0
DA:668,0
DA:669,0
DA:670,0
DA:671,0
DA:672,0
DA:673,0
DA:675,0
DA:676,0
DA:683,0
DA:685,0
DA:692,0
DA:697,0
DA:700,0
DA:701,0
DA:707,0
DA:708,0
DA:713,0
DA:714,0
DA:716,0
DA:725,0
DA:726,0
DA:727,0
DA:731,0
DA:738,0
DA:739,0
DA:754,0
DA:756,0
DA:757,0
DA:758,0
DA:760,0
DA:761,0
DA:762,0
DA:763,0
DA:764,0
DA:765,0
DA:766,0
DA:773,0
DA:774,0
DA:775,0
DA:777,0
DA:785,0
DA:786,0
DA:799,0
DA:800,0
DA:801,0
DA:803,0
DA:810,0
DA:811,0
DA:812,0
DA:831,0
DA:833,0
DA:834,0
DA:835,0
DA:836,0
DA:837,0
DA:843,0
DA:844,0
DA:846,0
DA:853,0
DA:854,0
DA:868,0
DA:870,0
DA:871,0
DA:872,0
DA:873,0
DA:874,0
DA:879,0
DA:880,0
DA:882,0
DA:889,0
DA:890,0
DA:896,0
DA:897,0
DA:898,0
DA:900,0
DA:907,0
DA:908,0
DA:921,0
DA:923,0
DA:924,0
DA:925,0
DA:926,0
DA:927,0
DA:932,0
DA:933,0
DA:940,0
DA:942,0
DA:943,0
DA:945,0
DA:946,0
DA:948,0
DA:949,0
DA:958,0
DA:959,0
DA:960,0
DA:961,0
DA:963,0
DA:965,0
DA:966,0
DA:968,0
DA:969,0
DA:973,0
DA:974,0
DA:975,0
DA:976,0
DA:982,0
DA:990,0
DA:991,0
DA:993,0
DA:994,0
DA:995,0
DA:1001,0
DA:1003,0
DA:1004,0
DA:1005,0
DA:1006,0
DA:1007,0
DA:1009,0
DA:1018,0
DA:1019,0
DA:1021,0
DA:1022,0
DA:1023,0
DA:1025,0
DA:1026,0
DA:1034,0
DA:1035,0
DA:1041,0
DA:1042,0
DA:1043,0
DA:1044,0
DA:1046,0
DA:1048,0
DA:1049,0
DA:1051,0
DA:1052,0
DA:1053,0
DA:1055,0
DA:1056,0
DA:1058,0
DA:1059,0
DA:1060,0
DA:1061,0
DA:1063,0
DA:1064,0
DA:1065,0
DA:1066,0
DA:1072,0
DA:1074,0
DA:1075,0
DA:1077,0
DA:1078,0
DA:1084,0
DA:1086,0
DA:1087,0
DA:1089,0
DA:1090,0
DA:1091,0
DA:1093,0
DA:1095,0
DA:1096,0
DA:1098,0
DA:1099,0
DA:1100,0
DA:1105,0
DA:1106,0
DA:1107,0
DA:1109,0
DA:1111,0
DA:1127,0
DA:1134,0
DA:1135,0
DA:1141,0
DA:1142,0
DA:1143,0
LF:433
LH:0
FN:171,229,CoderAgent.__init__
FNDA:0,CoderAgent.__init__
FN:231,242,CoderAgent.get_handlers
FNDA:0,CoderAgent.get_handlers
FN:244,326,CoderAgent._handle_generate_code
FNDA:0,CoderAgent._handle_generate_code
FN:328,423,CoderAgent._handle_review_code
FNDA:0,CoderAgent._handle_review_code
FN:425,492,CoderAgent._handle_debug_code
FNDA:0,CoderAgent._handle_debug_code
FN:494,532,CoderAgent._handle_generate_tests
FNDA:0,CoderAgent._handle_generate_tests
FN:534,572,CoderAgent._handle_generate_docs
FNDA:0,CoderAgent._handle_generate_docs
FN:574,613,CoderAgent._handle_refactor_code
FNDA:0,CoderAgent._handle_refactor_code
FN:615,652,CoderAgent._handle_explain_code
FNDA:0,CoderAgent._handle_explain_code
FN:654,727,CoderAgent._handle_implement_task
FNDA:0,CoderAgent._handle_implement_task
FN:731,775,CoderAgent._generate_code_llm
FNDA:0,CoderAgent._generate_code_llm
FN:777,801,CoderAgent._generate_tests_for_code
FNDA:0,CoderAgent._generate_tests_for_code
FN:803,844,CoderAgent._review_code_llm
FNDA:0,CoderAgent._review_code_llm
FN:846,880,CoderAgent._debug_code_llm
FNDA:0,CoderAgent._debug_code_llm
FN:882,898,CoderAgent._generate_docs_llm
FNDA:0,CoderAgent._generate_docs_llm
FN:900,933,CoderAgent._refactor_code_llm
FNDA:0,CoderAgent._refactor_code_llm
FN:940,961,CoderAgent._emit_pattern
FNDA:0,CoderAgent._emit_pattern
FN:963,976,CoderAgent._consume_patterns
FNDA:0,CoderAgent._consume_patterns
FN:982,1007,CoderAgent._initiate_deliberation
FNDA:0,CoderAgent._initiate_deliberation
FN:1009,1044,CoderAgent._submit_deliberation_position
FNDA:0,CoderAgent._submit_deliberation_position
FN:1046,1066,CoderAgent._finalize_deliberation
FNDA:0,CoderAgent._finalize_deliberation
FN:1072,1082,CoderAgent._track_memory_access
FNDA:0,CoderAgent._track_memory_access
FN:1084,1091,CoderAgent._get_memory_tier
FNDA:0,CoderAgent._get_memory_tier
FN:1093,1107,CoderAgent._prefetch_relevant
FNDA:0,CoderAgent._prefetch_relevant
FN:1109,1124,CoderAgent.get_learning_status
FNDA:0,CoderAgent.get_learning_status
FN:1127,1143,CoderAgent._explain_code_llm
FNDA:0,CoderAgent._explain_code_llm
FNF:26
FNH:0
end_of_record
SF:src/heretek_swarm/actors/coordinator.py
DA:16,0
DA:18,0
DA:19,0
DA:20,0
DA:21,0
DA:22,0
DA:23,0
DA:25,0
DA:27,0
DA:28,0
DA:31,0
DA:34,0
DA:37,0
DA:40,0
DA:42,0
DA:45,0
DA:47,0
DA:48,0
DA:49,0
DA:50,0
DA:51,0
DA:52,0
DA:53,0
DA:56,0
DA:58,0
DA:59,0
DA:60,0
DA:61,0
DA:64,0
DA:65,0
DA:67,0
DA:68,0
DA:69,0
DA:70,0
DA:71,0
DA:72,0
DA:73,0
DA:74,0
DA:75,0
DA:76,0
DA:77,0
DA:78,0
DA:79,0
DA:80,0
DA:82,0
DA:84,0
DA:102,0
DA:103,0
DA:105,0
DA:106,0
DA:107,0
DA:108,0
DA:109,0
DA:110,0
DA:111,0
DA:113,0
DA:115,0
DA:126,0
DA:150,0
DA:161,0
DA:167,0
DA:168,0
DA:169,0
DA:172,0
DA:173,0
DA:176,0
DA:177,0
DA:180,0
DA:181,0
DA:185,0
DA:188,0
DA:193,0
DA:196,0
DA:199,0
DA:200,0
DA:203,0
DA:210,0
DA:212,0
DA:213,0
DA:214,0
DA:215,0
DA:216,0
DA:217,0
DA:219,0
DA:221,0
DA:235,0
DA:236,0
DA:237,0
DA:240,0
DA:241,0
DA:246,0
DA:248,0
DA:251,0
DA:252,0
DA:257,0
DA:260,0
DA:261,0
DA:273,0
DA:274,0
DA:275,0
DA:280,0
DA:282,0
DA:285,0
DA:286,0
DA:287,0
DA:288,0
DA:289,0
DA:292,0
DA:293,0
DA:295,0
DA:297,0
DA:305,0
DA:314,0
DA:315,0
DA:316,0
DA:322,0
DA:333,0
DA:334,0
DA:335,0
DA:337,0
DA:338,0
DA:343,0
DA:345,0
DA:346,0
DA:349,0
DA:350,0
DA:351,0
DA:352,0
DA:355,0
DA:356,0
DA:357,0
DA:358,0
DA:361,0
DA:362,0
DA:365,0
DA:366,0
DA:367,0
DA:368,0
DA:369,0
DA:372,0
DA:373,0
DA:374,0
DA:377,0
DA:378,0
DA:379,0
DA:381,0
DA:387,0
DA:396,0
DA:397,0
DA:398,0
DA:404,0
DA:411,0
DA:412,0
DA:413,0
DA:415,0
DA:416,0
DA:421,0
DA:423,0
DA:424,0
DA:426,0
DA:439,0
DA:440,0
DA:441,0
DA:447,0
DA:454,0
DA:455,0
DA:456,0
DA:458,0
DA:459,0
DA:460,0
DA:462,0
DA:465,0
DA:466,0
DA:467,0
DA:468,0
DA:469,0
DA:470,0
DA:472,0
DA:474,0
DA:489,0
DA:490,0
DA:491,0
DA:497,0
DA:505,0
DA:506,0
DA:507,0
DA:509,0
DA:510,0
DA:515,0
DA:517,0
DA:518,0
DA:523,0
DA:525,0
DA:526,0
DA:531,0
DA:533,0
DA:538,0
DA:544,0
DA:553,0
DA:554,0
DA:555,0
DA:561,0
DA:571,0
DA:572,0
DA:573,0
DA:575,0
DA:576,0
DA:581,0
DA:583,0
DA:584,0
DA:586,0
DA:587,0
DA:588,0
DA:589,0
DA:590,0
DA:591,0
DA:593,0
DA:602,0
DA:603,0
DA:604,0
DA:610,0
DA:617,0
DA:618,0
DA:619,0
DA:622,0
DA:625,0
DA:628,0
DA:630,0
DA:643,0
DA:644,0
DA:645,0
DA:651,0
DA:659,0
DA:660,0
DA:661,0
DA:662,0
DA:664,0
DA:665,0
DA:670,0
DA:673,0
DA:676,0
DA:677,0
DA:678,0
DA:679,0
DA:680,0
DA:681,0
DA:682,0
DA:684,0
DA:691,0
DA:704,0
DA:705,0
DA:706,0
DA:712,0
DA:719,0
DA:720,0
DA:721,0
DA:723,0
DA:724,0
DA:729,0
DA:731,0
DA:732,0
DA:734,0
DA:735,0
DA:736,0
DA:737,0
DA:738,0
DA:739,0
DA:740,0
DA:743,0
DA:745,0
DA:751,0
DA:763,0
DA:764,0
DA:765,0
DA:771,0
DA:777,0
DA:779,0
DA:785,0
DA:786,0
DA:787,0
DA:789,0
DA:790,0
DA:793,0
DA:801,0
DA:808,0
DA:816,0
DA:825,0
DA:826,0
DA:827,0
DA:833,0
DA:835,0
DA:837,0
DA:838,0
DA:839,0
DA:840,0
DA:842,0
DA:847,0
DA:848,0
DA:849,0
DA:854,0
DA:856,0
DA:857,0
DA:858,0
DA:860,0
DA:862,0
DA:863,0
DA:864,0
DA:866,0
DA:867,0
DA:868,0
DA:869,0
DA:870,0
DA:872,0
DA:874,0
DA:876,0
DA:877,0
DA:879,0
DA:880,0
DA:881,0
DA:883,0
DA:884,0
DA:887,0
DA:888,0
DA:890,0
DA:891,0
DA:892,0
DA:893,0
DA:895,0
DA:896,0
DA:898,0
DA:900,0
DA:902,0
DA:903,0
DA:906,0
DA:908,0
DA:909,0
DA:910,0
DA:911,0
DA:912,0
DA:913,0
DA:914,0
DA:917,0
DA:918,0
DA:919,0
DA:926,0
DA:928,0
DA:929,0
DA:931,0
DA:932,0
DA:934,0
DA:935,0
DA:944,0
DA:945,0
DA:946,0
DA:947,0
DA:949,0
DA:951,0
DA:952,0
DA:954,0
DA:955,0
DA:959,0
DA:960,0
DA:961,0
DA:962,0
DA:968,0
DA:976,0
DA:977,0
DA:979,0
DA:980,0
DA:981,0
DA:987,0
DA:989,0
DA:990,0
DA:991,0
DA:992,0
DA:993,0
DA:995,0
DA:1004,0
DA:1005,0
DA:1007,0
DA:1008,0
DA:1009,0
DA:1011,0
DA:1012,0
DA:1020,0
DA:1021,0
DA:1027,0
DA:1028,0
DA:1029,0
DA:1030,0
DA:1032,0
DA:1034,0
DA:1035,0
DA:1037,0
DA:1038,0
DA:1039,0
DA:1041,0
DA:1042,0
DA:1044,0
DA:1045,0
DA:1046,0
DA:1047,0
DA:1049,0
DA:1050,0
DA:1051,0
DA:1052,0
DA:1058,0
DA:1060,0
DA:1061,0
DA:1063,0
DA:1064,0
DA:1070,0
DA:1072,0
DA:1073,0
DA:1075,0
DA:1076,0
DA:1077,0
DA:1079,0
DA:1081,0
DA:1082,0
DA:1084,0
DA:1085,0
DA:1086,0
DA:1091,0
DA:1092,0
DA:1093,0
DA:1095,0
DA:1097,0
DA:1113,0
DA:1120,0
DA:1129,0
DA:1131,0
LF:432
LH:0
FN:82,99,CoordinatedTask.to_dict
FNDA:0,CoordinatedTask.to_dict
FN:113,123,AgentState.to_dict
FNDA:0,AgentState.to_dict
FN:150,208,CoordinatorAgent.__init__
FNDA:0,CoordinatorAgent.__init__
FN:210,219,CoordinatorAgent._validate_message
FNDA:0,CoordinatorAgent._validate_message
FN:221,320,CoordinatorAgent._handle_create_task
FNDA:0,CoordinatorAgent._handle_create_task
FN:322,402,CoordinatorAgent._handle_update_task
FNDA:0,CoordinatorAgent._handle_update_task
FN:404,445,CoordinatorAgent._handle_get_task_status
FNDA:0,CoordinatorAgent._handle_get_task_status
FN:447,495,CoordinatorAgent._handle_get_workflow_status
FNDA:0,CoordinatorAgent._handle_get_workflow_status
FN:497,559,CoordinatorAgent._handle_assign_agent
FNDA:0,CoordinatorAgent._handle_assign_agent
FN:561,608,CoordinatorAgent._handle_update_agent_state
FNDA:0,CoordinatorAgent._handle_update_agent_state
FN:610,649,CoordinatorAgent._handle_resolve_dependencies
FNDA:0,CoordinatorAgent._handle_resolve_dependencies
FN:651,710,CoordinatorAgent._handle_start_workflow
FNDA:0,CoordinatorAgent._handle_start_workflow
FN:712,769,CoordinatorAgent._handle_cancel_workflow
FNDA:0,CoordinatorAgent._handle_cancel_workflow
FN:771,831,CoordinatorAgent._handle_get_coordination_report
FNDA:0,CoordinatorAgent._handle_get_coordination_report
FN:833,852,CoordinatorAgent._unblock_dependents
FNDA:0,CoordinatorAgent._unblock_dependents
FN:854,872,CoordinatorAgent._topological_sort
FNDA:0,CoordinatorAgent._topological_sort
FN:874,898,CoordinatorAgent._identify_parallel_groups
FNDA:0,CoordinatorAgent._identify_parallel_groups
FN:900,919,CoordinatorAgent._find_critical_path
FNDA:0,CoordinatorAgent._find_critical_path
FN:926,947,CoordinatorAgent._emit_pattern
FNDA:0,CoordinatorAgent._emit_pattern
FN:949,962,CoordinatorAgent._consume_patterns
FNDA:0,CoordinatorAgent._consume_patterns
FN:968,993,CoordinatorAgent._initiate_deliberation
FNDA:0,CoordinatorAgent._initiate_deliberation
FN:995,1030,CoordinatorAgent._submit_deliberation_position
FNDA:0,CoordinatorAgent._submit_deliberation_position
FN:1032,1052,CoordinatorAgent._finalize_deliberation
FNDA:0,CoordinatorAgent._finalize_deliberation
FN:1058,1068,CoordinatorAgent._track_memory_access
FNDA:0,CoordinatorAgent._track_memory_access
FN:1070,1077,CoordinatorAgent._get_memory_tier
FNDA:0,CoordinatorAgent._get_memory_tier
FN:1079,1093,CoordinatorAgent._prefetch_relevant
FNDA:0,CoordinatorAgent._prefetch_relevant
FN:1095,1110,CoordinatorAgent.get_learning_status
FNDA:0,CoordinatorAgent.get_learning_status
FN:1113,1127,CoordinatorAgent._send_error
FNDA:0,CoordinatorAgent._send_error
FN:1129,1139,CoordinatorAgent.get_capabilities
FNDA:0,CoordinatorAgent.get_capabilities
FNF:29
FNH:0
end_of_record
SF:src/heretek_swarm/actors/dreamer.py
DA:16,0
DA:17,0
DA:18,0
DA:19,0
DA:20,0
DA:21,0
DA:22,0
DA:24,0
DA:25,0
DA:26,0
DA:28,0
DA:29,0
DA:32,0
DA:35,0
DA:38,0
DA:41,0
DA:44,0
DA:47,0
DA:49,0
DA:50,0
DA:51,0
DA:52,0
DA:53,0
DA:54,0
DA:55,0
DA:56,0
DA:59,0
DA:61,0
DA:62,0
DA:63,0
DA:64,0
DA:65,0
DA:66,0
DA:67,0
DA:68,0
DA:71,0
DA:73,0
DA:74,0
DA:75,0
DA:78,0
DA:79,0
DA:81,0
DA:82,0
DA:83,0
DA:84,0
DA:85,0
DA:86,0
DA:87,0
DA:88,0
DA:89,0
DA:90,0
DA:91,0
DA:92,0
DA:93,0
DA:96,0
DA:97,0
DA:99,0
DA:100,0
DA:101,0
DA:102,0
DA:103,0
DA:104,0
DA:105,0
DA:106,0
DA:107,0
DA:110,0
DA:111,0
DA:113,0
DA:114,0
DA:115,0
DA:116,0
DA:117,0
DA:118,0
DA:119,0
DA:120,0
DA:121,0
DA:122,0
DA:125,0
DA:133,0
DA:134,0
DA:142,0
DA:143,0
DA:144,0
DA:147,0
DA:148,0
DA:149,0
DA:152,0
DA:153,0
DA:154,0
DA:157,0
DA:158,0
DA:162,0
DA:165,0
DA:170,0
DA:173,0
DA:176,0
DA:177,0
DA:180,0
DA:187,0
DA:189,0
DA:199,0
DA:211,0
DA:212,0
DA:213,0
DA:214,0
DA:215,0
DA:216,0
DA:218,0
DA:226,0
DA:234,0
DA:235,0
DA:236,0
DA:237,0
DA:238,0
DA:239,0
DA:242,0
DA:243,0
DA:244,0
DA:245,0
DA:246,0
DA:248,0
DA:260,0
DA:261,0
DA:262,0
DA:264,0
DA:276,0
DA:277,0
DA:278,0
DA:279,0
DA:280,0
DA:281,0
DA:283,0
DA:284,0
DA:294,0
DA:295,0
DA:298,0
DA:299,0
DA:300,0
DA:301,0
DA:303,0
DA:309,0
DA:317,0
DA:318,0
DA:319,0
DA:321,0
DA:332,0
DA:333,0
DA:334,0
DA:335,0
DA:336,0
DA:338,0
DA:346,0
DA:352,0
DA:359,0
DA:360,0
DA:361,0
DA:363,0
DA:374,0
DA:375,0
DA:376,0
DA:377,0
DA:378,0
DA:380,0
DA:387,0
DA:393,0
DA:400,0
DA:401,0
DA:402,0
DA:404,0
DA:415,0
DA:416,0
DA:417,0
DA:418,0
DA:419,0
DA:421,0
DA:424,0
DA:425,0
DA:431,0
DA:434,0
DA:437,0
DA:444,0
DA:459,0
DA:460,0
DA:461,0
DA:463,0
DA:472,0
DA:473,0
DA:474,0
DA:476,0
DA:477,0
DA:479,0
DA:480,0
DA:481,0
DA:483,0
DA:499,0
DA:500,0
DA:501,0
DA:503,0
DA:513,0
DA:514,0
DA:515,0
DA:516,0
DA:519,0
DA:520,0
DA:522,0
DA:523,0
DA:525,0
DA:532,0
DA:538,0
DA:539,0
DA:553,0
DA:555,0
DA:563,0
DA:564,0
DA:565,0
DA:569,0
DA:577,0
DA:578,0
DA:580,0
DA:596,0
DA:603,0
DA:604,0
DA:605,0
DA:606,0
DA:607,0
DA:608,0
DA:620,0
DA:621,0
DA:622,0
DA:624,0
DA:640,0
DA:641,0
DA:642,0
DA:644,0
DA:646,0
DA:656,0
DA:658,0
DA:665,0
DA:666,0
DA:667,0
DA:669,0
DA:684,0
DA:690,0
DA:691,0
DA:692,0
DA:693,0
DA:694,0
DA:696,0
DA:697,0
DA:698,0
DA:700,0
DA:707,0
DA:713,0
DA:714,0
DA:715,0
DA:718,0
DA:720,0
DA:722,0
DA:731,0
DA:732,0
DA:733,0
DA:740,0
DA:741,0
DA:742,0
DA:743,0
DA:744,0
DA:746,0
DA:748,0
DA:750,0
DA:760,0
DA:761,0
DA:762,0
DA:769,0
DA:770,0
DA:771,0
DA:772,0
DA:773,0
DA:775,0
DA:777,0
DA:779,0
DA:789,0
DA:790,0
DA:791,0
DA:792,0
DA:793,0
DA:795,0
DA:797,0
DA:803,0
DA:804,0
DA:805,0
DA:806,0
DA:807,0
DA:809,0
DA:811,0
DA:812,0
DA:814,0
DA:817,0
DA:818,0
DA:819,0
DA:820,0
DA:822,0
DA:823,0
DA:826,0
DA:827,0
DA:828,0
DA:830,0
DA:832,0
DA:840,0
DA:841,0
DA:843,0
DA:860,0
DA:862,0
DA:863,0
DA:864,0
DA:865,0
DA:866,0
DA:872,0
DA:873,0
DA:880,0
DA:882,0
DA:883,0
DA:885,0
DA:886,0
DA:888,0
DA:889,0
DA:898,0
DA:899,0
DA:900,0
DA:901,0
DA:903,0
DA:905,0
DA:906,0
DA:908,0
DA:909,0
DA:913,0
DA:914,0
DA:915,0
DA:916,0
DA:922,0
DA:930,0
DA:931,0
DA:933,0
DA:934,0
DA:935,0
DA:941,0
DA:943,0
DA:944,0
DA:945,0
DA:946,0
DA:947,0
DA:949,0
DA:958,0
DA:959,0
DA:961,0
DA:962,0
DA:963,0
DA:965,0
DA:966,0
DA:974,0
DA:975,0
DA:981,0
DA:982,0
DA:983,0
DA:984,0
DA:986,0
DA:988,0
DA:989,0
DA:991,0
DA:992,0
DA:993,0
DA:995,0
DA:996,0
DA:998,0
DA:999,0
DA:1000,0
DA:1001,0
DA:1003,0
DA:1004,0
DA:1005,0
DA:1006,0
DA:1012,0
DA:1014,0
DA:1015,0
DA:1017,0
DA:1018,0
DA:1024,0
DA:1026,0
DA:1027,0
DA:1029,0
DA:1030,0
DA:1031,0
DA:1033,0
DA:1035,0
DA:1036,0
DA:1038,0
DA:1039,0
DA:1040,0
DA:1045,0
DA:1046,0
DA:1047,0
DA:1049,0
DA:1051,0
DA:1067,0
DA:1069,0
DA:1070,0
DA:1072,0
DA:1087,0
DA:1089,0
DA:1090,0
DA:1091,0
DA:1092,0
DA:1093,0
DA:1102,0
DA:1103,0
LF:414
LH:0
FN:133,185,DreamerAgent.__init__
FNDA:0,DreamerAgent.__init__
FN:187,197,DreamerAgent.get_handlers
FNDA:0,DreamerAgent.get_handlers
FN:199,262,DreamerAgent._handle_generate_ideas
FNDA:0,DreamerAgent._handle_generate_ideas
FN:264,319,DreamerAgent._handle_start_creative_session
FNDA:0,DreamerAgent._handle_start_creative_session
FN:321,361,DreamerAgent._handle_explore_alternatives
FNDA:0,DreamerAgent._handle_explore_alternatives
FN:363,402,DreamerAgent._handle_apply_creativity_technique
FNDA:0,DreamerAgent._handle_apply_creativity_technique
FN:404,461,DreamerAgent._handle_get_innovation_report
FNDA:0,DreamerAgent._handle_get_innovation_report
FN:463,501,DreamerAgent._handle_get_idea_details
FNDA:0,DreamerAgent._handle_get_idea_details
FN:503,565,DreamerAgent._handle_combine_ideas
FNDA:0,DreamerAgent._handle_combine_ideas
FN:569,642,DreamerAgent._generate_creative_ideas
FNDA:0,DreamerAgent._generate_creative_ideas
FN:644,656,DreamerAgent._build_technique_prompt
FNDA:0,DreamerAgent._build_technique_prompt
FN:658,698,DreamerAgent._generate_alternatives
FNDA:0,DreamerAgent._generate_alternatives
FN:700,718,DreamerAgent._apply_technique
FNDA:0,DreamerAgent._apply_technique
FN:720,746,DreamerAgent._apply_six_hats
FNDA:0,DreamerAgent._apply_six_hats
FN:748,775,DreamerAgent._apply_scamper
FNDA:0,DreamerAgent._apply_scamper
FN:777,793,DreamerAgent._apply_first_principles
FNDA:0,DreamerAgent._apply_first_principles
FN:795,807,DreamerAgent._apply_generic_technique
FNDA:0,DreamerAgent._apply_generic_technique
FN:809,830,DreamerAgent._calculate_innovation_score
FNDA:0,DreamerAgent._calculate_innovation_score
FN:832,873,DreamerAgent._generate_innovation_report
FNDA:0,DreamerAgent._generate_innovation_report
FN:880,901,DreamerAgent._emit_pattern
FNDA:0,DreamerAgent._emit_pattern
FN:903,916,DreamerAgent._consume_patterns
FNDA:0,DreamerAgent._consume_patterns
FN:922,947,DreamerAgent._initiate_deliberation
FNDA:0,DreamerAgent._initiate_deliberation
FN:949,984,DreamerAgent._submit_deliberation_position
FNDA:0,DreamerAgent._submit_deliberation_position
FN:986,1006,DreamerAgent._finalize_deliberation
FNDA:0,DreamerAgent._finalize_deliberation
FN:1012,1022,DreamerAgent._track_memory_access
FNDA:0,DreamerAgent._track_memory_access
FN:1024,1031,DreamerAgent._get_memory_tier
FNDA:0,DreamerAgent._get_memory_tier
FN:1033,1047,DreamerAgent._prefetch_relevant
FNDA:0,DreamerAgent._prefetch_relevant
FN:1049,1064,DreamerAgent.get_learning_status
FNDA:0,DreamerAgent.get_learning_status
FN:1067,1103,DreamerAgent._combine_ideas_llm
FNDA:0,DreamerAgent._combine_ideas_llm
FNF:29
FNH:0
end_of_record
SF:src/heretek_swarm/actors/echo.py
DA:14,0
DA:15,0
DA:16,0
DA:17,0
DA:18,0
DA:20,0
DA:21,0
DA:24,0
DA:27,0
DA:30,0
DA:33,0
DA:35,0
DA:37,0
DA:40,0
DA:42,0
DA:43,0
DA:44,0
DA:45,0
DA:46,0
DA:47,0
DA:48,0
DA:49,0
DA:52,0
DA:54,0
DA:55,0
DA:56,0
DA:57,0
DA:60,0
DA:61,0
DA:63,0
DA:64,0
DA:65,0
DA:66,0
DA:67,0
DA:70,0
DA:71,0
DA:73,0
DA:74,0
DA:75,0
DA:76,0
DA:79,0
DA:91,0
DA:96,0
DA:103,0
DA:104,0
DA:105,0
DA:106,0
DA:109,0
DA:148,0
DA:157,0
DA:165,0
DA:168,0
DA:173,0
DA:176,0
DA:179,0
DA:180,0
DA:183,0
DA:187,0
DA:188,0
DA:190,0
DA:192,0
DA:193,0
DA:195,0
DA:201,0
DA:203,0
DA:206,0
DA:207,0
DA:208,0
DA:209,0
DA:210,0
DA:211,0
DA:213,0
DA:215,0
DA:219,0
DA:225,0
DA:237,0
DA:238,0
DA:239,0
DA:240,0
DA:241,0
DA:242,0
DA:245,0
DA:248,0
DA:255,0
DA:257,0
DA:264,0
DA:265,0
DA:266,0
DA:269,0
DA:271,0
DA:282,0
DA:283,0
DA:284,0
DA:285,0
DA:286,0
DA:289,0
DA:295,0
DA:297,0
DA:304,0
DA:305,0
DA:306,0
DA:310,0
DA:312,0
DA:323,0
DA:324,0
DA:325,0
DA:326,0
DA:327,0
DA:330,0
DA:331,0
DA:337,0
DA:343,0
DA:345,0
DA:351,0
DA:352,0
DA:353,0
DA:356,0
DA:358,0
DA:374,0
DA:375,0
DA:376,0
DA:377,0
DA:380,0
DA:388,0
DA:390,0
DA:402,0
DA:403,0
DA:404,0
DA:407,0
DA:409,0
DA:418,0
DA:419,0
DA:421,0
DA:423,0
DA:424,0
DA:432,0
DA:433,0
DA:434,0
DA:439,0
DA:445,0
DA:446,0
DA:447,0
DA:449,0
DA:451,0
DA:463,0
DA:464,0
DA:465,0
DA:466,0
DA:467,0
DA:468,0
DA:471,0
DA:474,0
DA:475,0
DA:476,0
DA:477,0
DA:484,0
DA:490,0
DA:495,0
DA:496,0
DA:498,0
DA:499,0
DA:503,0
DA:505,0
DA:507,0
DA:514,0
DA:515,0
DA:516,0
DA:518,0
DA:524,0
DA:526,0
DA:527,0
DA:534,0
DA:536,0
DA:544,0
DA:545,0
DA:546,0
DA:549,0
DA:552,0
DA:553,0
DA:554,0
DA:555,0
DA:556,0
DA:557,0
DA:558,0
DA:559,0
DA:562,0
DA:563,0
DA:565,0
DA:567,0
DA:570,0
DA:571,0
DA:572,0
DA:573,0
DA:574,0
DA:575,0
DA:578,0
DA:580,0
DA:583,0
DA:584,0
DA:586,0
DA:588,0
DA:590,0
DA:591,0
DA:597,0
DA:600,0
DA:601,0
DA:602,0
DA:604,0
DA:607,0
DA:608,0
DA:610,0
DA:611,0
DA:612,0
DA:613,0
DA:615,0
DA:617,0
DA:619,0
DA:620,0
DA:621,0
DA:627,0
DA:634,0
DA:637,0
DA:638,0
DA:639,0
DA:640,0
DA:642,0
DA:643,0
DA:645,0
DA:647,0
DA:653,0
DA:655,0
DA:656,0
DA:657,0
DA:660,0
DA:666,0
DA:683,0
DA:689,0
DA:697,0
DA:698,0
DA:701,0
DA:712,0
DA:714,0
DA:715,0
DA:717,0
DA:718,0
DA:720,0
DA:721,0
DA:730,0
DA:731,0
DA:732,0
DA:733,0
DA:735,0
DA:737,0
DA:738,0
DA:740,0
DA:741,0
DA:745,0
DA:746,0
DA:747,0
DA:748,0
DA:754,0
DA:762,0
DA:763,0
DA:765,0
DA:766,0
DA:767,0
DA:773,0
DA:775,0
DA:776,0
DA:777,0
DA:778,0
DA:779,0
DA:781,0
DA:790,0
DA:791,0
DA:793,0
DA:794,0
DA:795,0
DA:797,0
DA:798,0
DA:806,0
DA:807,0
DA:813,0
DA:814,0
DA:815,0
DA:816,0
DA:818,0
DA:820,0
DA:821,0
DA:823,0
DA:824,0
DA:825,0
DA:827,0
DA:828,0
DA:830,0
DA:831,0
DA:832,0
DA:833,0
DA:835,0
DA:836,0
DA:837,0
DA:838,0
DA:844,0
DA:846,0
DA:847,0
DA:849,0
DA:850,0
DA:856,0
DA:858,0
DA:859,0
DA:861,0
DA:862,0
DA:863,0
DA:865,0
DA:867,0
DA:868,0
DA:870,0
DA:871,0
DA:872,0
DA:877,0
DA:878,0
DA:879,0
DA:881,0
DA:883,0
DA:899,0
DA:902,0
DA:903,0
DA:906,0
DA:907,0
LF:329
LH:0
FN:91,185,EchoActor.__init__
FNDA:0,EchoActor.__init__
FN:188,190,EchoActor.active_channels
FNDA:0,EchoActor.active_channels
FN:193,199,EchoActor.statistics
FNDA:0,EchoActor.statistics
FN:201,213,EchoActor.initialize
FNDA:0,EchoActor.initialize
FN:215,219,EchoActor._validate_input
FNDA:0,EchoActor._validate_input
FN:225,269,EchoActor._handle_format_message
FNDA:0,EchoActor._handle_format_message
FN:271,310,EchoActor._handle_translate_protocol
FNDA:0,EchoActor._handle_translate_protocol
FN:312,356,EchoActor._handle_send_to_channel
FNDA:0,EchoActor._handle_send_to_channel
FN:358,407,EchoActor._handle_set_communication_style
FNDA:0,EchoActor._handle_set_communication_style
FN:409,449,EchoActor._handle_get_channel_status
FNDA:0,EchoActor._handle_get_channel_status
FN:451,518,EchoActor._handle_broadcast_message
FNDA:0,EchoActor._handle_broadcast_message
FN:524,534,EchoActor._get_communication_style
FNDA:0,EchoActor._get_communication_style
FN:536,565,EchoActor._format_for_channel
FNDA:0,EchoActor._format_for_channel
FN:567,586,EchoActor._apply_style
FNDA:0,EchoActor._apply_style
FN:588,595,EchoActor._format_as_json
FNDA:0,EchoActor._format_as_json
FN:597,602,EchoActor._format_for_slack
FNDA:0,EchoActor._format_for_slack
FN:604,615,EchoActor._format_as_html
FNDA:0,EchoActor._format_as_html
FN:617,621,EchoActor._format_as_markdown
FNDA:0,EchoActor._format_as_markdown
FN:627,660,EchoActor._translate_content
FNDA:0,EchoActor._translate_content
FN:666,701,EchoActor._send_to_channel_impl
FNDA:0,EchoActor._send_to_channel_impl
FN:712,733,EchoActor._emit_pattern
FNDA:0,EchoActor._emit_pattern
FN:735,748,EchoActor._consume_patterns
FNDA:0,EchoActor._consume_patterns
FN:754,779,EchoActor._initiate_deliberation
FNDA:0,EchoActor._initiate_deliberation
FN:781,816,EchoActor._submit_deliberation_position
FNDA:0,EchoActor._submit_deliberation_position
FN:818,838,EchoActor._finalize_deliberation
FNDA:0,EchoActor._finalize_deliberation
FN:844,854,EchoActor._track_memory_access
FNDA:0,EchoActor._track_memory_access
FN:856,863,EchoActor._get_memory_tier
FNDA:0,EchoActor._get_memory_tier
FN:865,879,EchoActor._prefetch_relevant
FNDA:0,EchoActor._prefetch_relevant
FN:881,896,EchoActor.get_learning_status
FNDA:0,EchoActor.get_learning_status
FN:899,907,EchoActor.terminate
FNDA:0,EchoActor.terminate
FNF:30
FNH:0
end_of_record
SF:src/heretek_swarm/actors/empath.py
DA:14,0
DA:15,0
DA:16,0
DA:18,0
DA:19,0
DA:21,0
DA:22,0
DA:25,0
DA:28,0
DA:31,0
DA:34,0
DA:37,0
DA:40,0
DA:60,0
DA:88,0
DA:110,0
DA:111,0
DA:112,0
DA:115,0
DA:116,0
DA:117,0
DA:118,0
DA:119,0
DA:122,0
DA:127,0
DA:131,0
DA:134,0
DA:139,0
DA:142,0
DA:145,0
DA:146,0
DA:149,0
DA:151,0
DA:154,0
DA:155,0
DA:156,0
DA:157,0
DA:158,0
DA:159,0
DA:161,0
DA:163,0
DA:170,0
DA:171,0
DA:172,0
DA:173,0
DA:174,0
DA:175,0
DA:179,0
DA:181,0
DA:182,0
DA:192,0
DA:196,0
DA:207,0
DA:208,0
DA:209,0
DA:210,0
DA:214,0
DA:215,0
DA:217,0
DA:218,0
DA:220,0
DA:236,0
DA:238,0
DA:239,0
DA:241,0
DA:242,0
DA:243,0
DA:245,0
DA:246,0
DA:247,0
DA:248,0
DA:251,0
DA:254,0
DA:257,0
DA:260,0
DA:263,0
DA:273,0
DA:278,0
DA:279,0
DA:280,0
DA:282,0
DA:296,0
DA:297,0
DA:299,0
DA:300,0
DA:304,0
DA:307,0
DA:309,0
DA:310,0
DA:311,0
DA:312,0
DA:313,0
DA:314,0
DA:316,0
DA:318,0
DA:319,0
DA:337,0
DA:339,0
DA:340,0
DA:342,0
DA:344,0
DA:345,0
DA:346,0
DA:347,0
DA:348,0
DA:351,0
DA:353,0
DA:359,0
DA:362,0
DA:367,0
DA:372,0
DA:376,0
DA:382,0
DA:383,0
DA:384,0
DA:385,0
DA:388,0
DA:389,0
DA:390,0
DA:392,0
DA:393,0
DA:394,0
DA:395,0
DA:397,0
DA:400,0
DA:401,0
DA:402,0
DA:403,0
DA:404,0
DA:405,0
DA:406,0
DA:407,0
DA:408,0
DA:409,0
DA:410,0
DA:412,0
DA:421,0
DA:423,0
DA:424,0
DA:426,0
DA:433,0
DA:436,0
DA:437,0
DA:439,0
DA:444,0
DA:445,0
DA:450,0
DA:455,0
DA:456,0
DA:462,0
DA:464,0
DA:471,0
DA:472,0
DA:474,0
DA:486,0
DA:487,0
DA:488,0
DA:489,0
DA:490,0
DA:492,0
DA:493,0
DA:496,0
DA:498,0
DA:509,0
DA:511,0
DA:512,0
DA:513,0
DA:515,0
DA:526,0
DA:527,0
DA:528,0
DA:529,0
DA:531,0
DA:532,0
DA:535,0
DA:538,0
DA:540,0
DA:542,0
DA:550,0
DA:560,0
DA:570,0
DA:571,0
DA:572,0
DA:574,0
DA:577,0
DA:578,0
DA:579,0
DA:580,0
DA:581,0
DA:585,0
DA:588,0
DA:589,0
DA:590,0
DA:591,0
DA:592,0
DA:595,0
DA:596,0
DA:597,0
DA:599,0
DA:601,0
DA:610,0
DA:611,0
DA:613,0
DA:615,0
DA:616,0
DA:617,0
DA:618,0
DA:620,0
DA:629,0
DA:639,0
DA:648,0
DA:649,0
DA:650,0
DA:652,0
DA:664,0
DA:665,0
DA:666,0
DA:667,0
DA:669,0
DA:670,0
DA:673,0
DA:676,0
DA:681,0
DA:682,0
DA:692,0
DA:699,0
DA:709,0
DA:710,0
DA:711,0
DA:713,0
DA:717,0
DA:718,0
DA:719,0
DA:727,0
DA:731,0
DA:732,0
DA:733,0
DA:734,0
DA:735,0
DA:736,0
DA:737,0
DA:740,0
DA:745,0
DA:754,0
DA:756,0
DA:758,0
DA:770,0
DA:771,0
DA:774,0
DA:776,0
DA:778,0
DA:779,0
DA:782,0
DA:783,0
DA:784,0
DA:786,0
DA:787,0
DA:788,0
DA:789,0
DA:790,0
DA:792,0
DA:799,0
DA:800,0
DA:809,0
DA:811,0
DA:812,0
DA:814,0
DA:815,0
DA:817,0
DA:818,0
DA:827,0
DA:828,0
DA:829,0
DA:830,0
DA:832,0
DA:834,0
DA:835,0
DA:837,0
DA:838,0
DA:842,0
DA:843,0
DA:844,0
DA:845,0
DA:851,0
DA:859,0
DA:860,0
DA:862,0
DA:863,0
DA:864,0
DA:870,0
DA:872,0
DA:873,0
DA:874,0
DA:875,0
DA:876,0
DA:878,0
DA:887,0
DA:888,0
DA:890,0
DA:891,0
DA:892,0
DA:894,0
DA:895,0
DA:903,0
DA:904,0
DA:910,0
DA:911,0
DA:912,0
DA:913,0
DA:915,0
DA:917,0
DA:918,0
DA:920,0
DA:921,0
DA:922,0
DA:924,0
DA:925,0
DA:927,0
DA:928,0
DA:929,0
DA:930,0
DA:932,0
DA:933,0
DA:934,0
DA:935,0
DA:941,0
DA:943,0
DA:944,0
DA:946,0
DA:947,0
DA:953,0
DA:955,0
DA:956,0
DA:958,0
DA:959,0
DA:960,0
DA:962,0
DA:964,0
DA:965,0
DA:967,0
DA:968,0
DA:969,0
DA:974,0
DA:975,0
DA:976,0
DA:978,0
DA:980,0
DA:996,0
DA:1000,0
DA:1001,0
LF:350
LH:0
FN:60,149,EmpathAgent.__init__
FNDA:0,EmpathAgent.__init__
FN:151,161,EmpathAgent.initialize
FNDA:0,EmpathAgent.initialize
FN:163,194,EmpathAgent.process_message
FNDA:0,EmpathAgent.process_message
FN:196,218,EmpathAgent._validate_message_content
FNDA:0,EmpathAgent._validate_message_content
FN:220,280,EmpathAgent._handle_analyze_sentiment
FNDA:0,EmpathAgent._handle_analyze_sentiment
FN:282,314,EmpathAgent._analyze_sentiment_llm
FNDA:0,EmpathAgent._analyze_sentiment_llm
FN:316,335,EmpathAgent._build_sentiment_prompt
FNDA:0,EmpathAgent._build_sentiment_prompt
FN:337,351,EmpathAgent._parse_sentiment_response
FNDA:0,EmpathAgent._parse_sentiment_response
FN:353,419,EmpathAgent._analyze_sentiment_heuristic
FNDA:0,EmpathAgent._analyze_sentiment_heuristic
FN:421,437,EmpathAgent._update_agent_mood
FNDA:0,EmpathAgent._update_agent_mood
FN:439,459,EmpathAgent._check_stress_indicators
FNDA:0,EmpathAgent._check_stress_indicators
FN:462,472,EmpathAgent._log_sentiment
FNDA:0,EmpathAgent._log_sentiment
FN:474,513,EmpathAgent._handle_track_emotion
FNDA:0,EmpathAgent._handle_track_emotion
FN:515,572,EmpathAgent._handle_detect_conflict
FNDA:0,EmpathAgent._handle_detect_conflict
FN:574,599,EmpathAgent._analyze_conflict_potential
FNDA:0,EmpathAgent._analyze_conflict_potential
FN:601,650,EmpathAgent._handle_get_emotional_state
FNDA:0,EmpathAgent._handle_get_emotional_state
FN:652,711,EmpathAgent._handle_mediate_conflict
FNDA:0,EmpathAgent._handle_mediate_conflict
FN:713,743,EmpathAgent._generate_mediation
FNDA:0,EmpathAgent._generate_mediation
FN:745,774,EmpathAgent._handle_get_collective_mood
FNDA:0,EmpathAgent._handle_get_collective_mood
FN:776,802,EmpathAgent._update_collective_mood
FNDA:0,EmpathAgent._update_collective_mood
FN:809,830,EmpathAgent._emit_pattern
FNDA:0,EmpathAgent._emit_pattern
FN:832,845,EmpathAgent._consume_patterns
FNDA:0,EmpathAgent._consume_patterns
FN:851,876,EmpathAgent._initiate_deliberation
FNDA:0,EmpathAgent._initiate_deliberation
FN:878,913,EmpathAgent._submit_deliberation_position
FNDA:0,EmpathAgent._submit_deliberation_position
FN:915,935,EmpathAgent._finalize_deliberation
FNDA:0,EmpathAgent._finalize_deliberation
FN:941,951,EmpathAgent._track_memory_access
FNDA:0,EmpathAgent._track_memory_access
FN:953,960,EmpathAgent._get_memory_tier
FNDA:0,EmpathAgent._get_memory_tier
FN:962,976,EmpathAgent._prefetch_relevant
FNDA:0,EmpathAgent._prefetch_relevant
FN:978,993,EmpathAgent.get_learning_status
FNDA:0,EmpathAgent.get_learning_status
FN:996,1009,EmpathAgent._send_error_response
FNDA:0,EmpathAgent._send_error_response
FNF:30
FNH:0
end_of_record
SF:src/heretek_swarm/actors/examiner.py
DA:16,0
DA:17,0
DA:18,0
DA:19,0
DA:20,0
DA:21,0
DA:23,0
DA:24,0
DA:25,0
DA:27,0
DA:28,0
DA:31,0
DA:34,0
DA:37,0
DA:40,0
DA:43,0
DA:46,0
DA:48,0
DA:49,0
DA:50,0
DA:51,0
DA:52,0
DA:53,0
DA:54,0
DA:57,0
DA:59,0
DA:60,0
DA:61,0
DA:62,0
DA:63,0
DA:64,0
DA:67,0
DA:69,0
DA:70,0
DA:71,0
DA:72,0
DA:73,0
DA:74,0
DA:75,0
DA:78,0
DA:80,0
DA:81,0
DA:82,0
DA:83,0
DA:84,0
DA:87,0
DA:88,0
DA:90,0
DA:91,0
DA:92,0
DA:93,0
DA:94,0
DA:95,0
DA:96,0
DA:97,0
DA:98,0
DA:99,0
DA:100,0
DA:103,0
DA:104,0
DA:106,0
DA:107,0
DA:108,0
DA:109,0
DA:110,0
DA:111,0
DA:112,0
DA:113,0
DA:114,0
DA:115,0
DA:118,0
DA:119,0
DA:121,0
DA:122,0
DA:123,0
DA:124,0
DA:125,0
DA:126,0
DA:127,0
DA:128,0
DA:129,0
DA:130,0
DA:131,0
DA:132,0
DA:135,0
DA:136,0
DA:138,0
DA:139,0
DA:140,0
DA:141,0
DA:142,0
DA:143,0
DA:144,0
DA:145,0
DA:146,0
DA:147,0
DA:148,0
DA:151,0
DA:159,0
DA:160,0
DA:168,0
DA:169,0
DA:170,0
DA:173,0
DA:174,0
DA:175,0
DA:178,0
DA:181,0
DA:182,0
DA:186,0
DA:189,0
DA:194,0
DA:197,0
DA:200,0
DA:201,0
DA:204,0
DA:210,0
DA:212,0
DA:222,0
DA:234,0
DA:235,0
DA:236,0
DA:237,0
DA:238,0
DA:239,0
DA:241,0
DA:249,0
DA:256,0
DA:263,0
DA:264,0
DA:265,0
DA:267,0
DA:278,0
DA:279,0
DA:280,0
DA:281,0
DA:282,0
DA:284,0
DA:291,0
DA:298,0
DA:299,0
DA:300,0
DA:303,0
DA:304,0
DA:305,0
DA:306,0
DA:307,0
DA:308,0
DA:309,0
DA:310,0
DA:313,0
DA:314,0
DA:317,0
DA:318,0
DA:320,0
DA:331,0
DA:332,0
DA:333,0
DA:335,0
DA:347,0
DA:348,0
DA:349,0
DA:350,0
DA:351,0
DA:352,0
DA:354,0
DA:361,0
DA:368,0
DA:377,0
DA:378,0
DA:379,0
DA:381,0
DA:392,0
DA:393,0
DA:394,0
DA:395,0
DA:396,0
DA:398,0
DA:405,0
DA:412,0
DA:415,0
DA:416,0
DA:418,0
DA:426,0
DA:427,0
DA:428,0
DA:430,0
DA:445,0
DA:446,0
DA:449,0
DA:450,0
DA:464,0
DA:466,0
DA:467,0
DA:469,0
DA:471,0
DA:478,0
DA:485,0
DA:486,0
DA:487,0
DA:489,0
DA:501,0
DA:502,0
DA:503,0
DA:504,0
DA:505,0
DA:506,0
DA:508,0
DA:511,0
DA:512,0
DA:513,0
DA:516,0
DA:519,0
DA:526,0
DA:539,0
DA:562,0
DA:563,0
DA:564,0
DA:566,0
DA:577,0
DA:578,0
DA:579,0
DA:580,0
DA:581,0
DA:583,0
DA:585,0
DA:586,0
DA:587,0
DA:598,0
DA:601,0
DA:602,0
DA:603,0
DA:604,0
DA:605,0
DA:607,0
DA:623,0
DA:624,0
DA:625,0
DA:629,0
DA:637,0
DA:638,0
DA:653,0
DA:660,0
DA:661,0
DA:662,0
DA:663,0
DA:664,0
DA:671,0
DA:672,0
DA:673,0
DA:680,0
DA:682,0
DA:684,0
DA:685,0
DA:686,0
DA:687,0
DA:691,0
DA:696,0
DA:709,0
DA:710,0
DA:719,0
DA:720,0
DA:730,0
DA:737,0
DA:745,0
DA:752,0
DA:760,0
DA:761,0
DA:777,0
DA:783,0
DA:784,0
DA:785,0
DA:786,0
DA:787,0
DA:794,0
DA:795,0
DA:796,0
DA:803,0
DA:810,0
DA:812,0
DA:813,0
DA:814,0
DA:815,0
DA:816,0
DA:817,0
DA:818,0
DA:819,0
DA:820,0
DA:821,0
DA:824,0
DA:825,0
DA:826,0
DA:827,0
DA:829,0
DA:831,0
DA:834,0
DA:836,0
DA:839,0
DA:841,0
DA:844,0
DA:846,0
DA:849,0
DA:851,0
DA:853,0
DA:854,0
DA:858,0
DA:860,0
DA:861,0
DA:862,0
DA:863,0
DA:864,0
DA:865,0
DA:866,0
DA:868,0
DA:870,0
DA:871,0
DA:873,0
DA:882,0
DA:883,0
DA:885,0
DA:886,0
DA:887,0
DA:888,0
DA:890,0
DA:892,0
DA:899,0
DA:902,0
DA:903,0
DA:904,0
DA:905,0
DA:906,0
DA:909,0
DA:910,0
DA:917,0
DA:919,0
DA:921,0
DA:924,0
DA:925,0
DA:926,0
DA:928,0
DA:930,0
DA:937,0
DA:940,0
DA:941,0
DA:942,0
DA:943,0
DA:945,0
DA:946,0
DA:947,0
DA:950,0
DA:951,0
DA:952,0
DA:955,0
DA:956,0
DA:957,0
DA:959,0
DA:966,0
DA:968,0
DA:969,0
DA:971,0
DA:972,0
DA:974,0
DA:975,0
DA:984,0
DA:985,0
DA:986,0
DA:987,0
DA:989,0
DA:991,0
DA:992,0
DA:994,0
DA:995,0
DA:999,0
DA:1000,0
DA:1001,0
DA:1002,0
DA:1008,0
DA:1016,0
DA:1017,0
DA:1019,0
DA:1020,0
DA:1021,0
DA:1027,0
DA:1029,0
DA:1030,0
DA:1031,0
DA:1032,0
DA:1033,0
DA:1035,0
DA:1044,0
DA:1045,0
DA:1047,0
DA:1048,0
DA:1049,0
DA:1051,0
DA:1052,0
DA:1060,0
DA:1061,0
DA:1067,0
DA:1068,0
DA:1069,0
DA:1070,0
DA:1072,0
DA:1074,0
DA:1075,0
DA:1077,0
DA:1078,0
DA:1079,0
DA:1081,0
DA:1082,0
DA:1084,0
DA:1085,0
DA:1086,0
DA:1087,0
DA:1089,0
DA:1090,0
DA:1091,0
DA:1092,0
DA:1098,0
DA:1100,0
DA:1101,0
DA:1103,0
DA:1104,0
DA:1110,0
DA:1112,0
DA:1113,0
DA:1115,0
DA:1116,0
DA:1117,0
DA:1119,0
DA:1121,0
DA:1122,0
DA:1124,0
DA:1125,0
DA:1126,0
DA:1131,0
DA:1132,0
DA:1133,0
DA:1135,0
DA:1137,0
DA:1153,0
DA:1161,0
DA:1162,0
DA:1171,0
DA:1172,0
DA:1173,0
DA:1174,0
LF:447
LH:0
FN:159,208,ExaminerAgent.__init__
FNDA:0,ExaminerAgent.__init__
FN:210,220,ExaminerAgent.get_handlers
FNDA:0,ExaminerAgent.get_handlers
FN:222,265,ExaminerAgent._handle_create_test_plan
FNDA:0,ExaminerAgent._handle_create_test_plan
FN:267,333,ExaminerAgent._handle_execute_tests
FNDA:0,ExaminerAgent._handle_execute_tests
FN:335,379,ExaminerAgent._handle_validate_decision
FNDA:0,ExaminerAgent._handle_validate_decision
FN:381,428,ExaminerAgent._handle_analyze_quality
FNDA:0,ExaminerAgent._handle_analyze_quality
FN:430,487,ExaminerAgent._handle_report_bug
FNDA:0,ExaminerAgent._handle_report_bug
FN:489,564,ExaminerAgent._handle_get_quality_report
FNDA:0,ExaminerAgent._handle_get_quality_report
FN:566,625,ExaminerAgent._handle_get_bug_status
FNDA:0,ExaminerAgent._handle_get_bug_status
FN:629,678,ExaminerAgent._generate_test_plan
FNDA:0,ExaminerAgent._generate_test_plan
FN:680,728,ExaminerAgent._execute_test_case
FNDA:0,ExaminerAgent._execute_test_case
FN:730,750,ExaminerAgent._run_test_logic
FNDA:0,ExaminerAgent._run_test_logic
FN:752,801,ExaminerAgent._validate_decision_content
FNDA:0,ExaminerAgent._validate_decision_content
FN:803,829,ExaminerAgent._analyze_quality_metrics
FNDA:0,ExaminerAgent._analyze_quality_metrics
FN:831,834,ExaminerAgent._measure_coverage
FNDA:0,ExaminerAgent._measure_coverage
FN:836,839,ExaminerAgent._measure_complexity
FNDA:0,ExaminerAgent._measure_complexity
FN:841,844,ExaminerAgent._measure_security
FNDA:0,ExaminerAgent._measure_security
FN:846,849,ExaminerAgent._measure_performance
FNDA:0,ExaminerAgent._measure_performance
FN:851,866,ExaminerAgent._estimate_metric
FNDA:0,ExaminerAgent._estimate_metric
FN:868,890,ExaminerAgent._calculate_overall_score
FNDA:0,ExaminerAgent._calculate_overall_score
FN:892,928,ExaminerAgent._calculate_system_score
FNDA:0,ExaminerAgent._calculate_system_score
FN:930,959,ExaminerAgent._generate_recommendations
FNDA:0,ExaminerAgent._generate_recommendations
FN:966,987,ExaminerAgent._emit_pattern
FNDA:0,ExaminerAgent._emit_pattern
FN:989,1002,ExaminerAgent._consume_patterns
FNDA:0,ExaminerAgent._consume_patterns
FN:1008,1033,ExaminerAgent._initiate_deliberation
FNDA:0,ExaminerAgent._initiate_deliberation
FN:1035,1070,ExaminerAgent._submit_deliberation_position
FNDA:0,ExaminerAgent._submit_deliberation_position
FN:1072,1092,ExaminerAgent._finalize_deliberation
FNDA:0,ExaminerAgent._finalize_deliberation
FN:1098,1108,ExaminerAgent._track_memory_access
FNDA:0,ExaminerAgent._track_memory_access
FN:1110,1117,ExaminerAgent._get_memory_tier
FNDA:0,ExaminerAgent._get_memory_tier
FN:1119,1133,ExaminerAgent._prefetch_relevant
FNDA:0,ExaminerAgent._prefetch_relevant
FN:1135,1150,ExaminerAgent.get_learning_status
FNDA:0,ExaminerAgent.get_learning_status
FN:1153,1174,ExaminerAgent._generate_quality_summary
FNDA:0,ExaminerAgent._generate_quality_summary
FNF:32
FNH:0
end_of_record
SF:src/heretek_swarm/actors/explorer.py
DA:15,0
DA:16,0
DA:17,0
DA:18,0
DA:19,0
DA:20,0
DA:22,0
DA:23,0
DA:24,0
DA:26,0
DA:27,0
DA:30,0
DA:33,0
DA:36,0
DA:39,0
DA:42,0
DA:45,0
DA:47,0
DA:48,0
DA:49,0
DA:50,0
DA:51,0
DA:52,0
DA:55,0
DA:57,0
DA:58,0
DA:59,0
DA:60,0
DA:63,0
DA:65,0
DA:66,0
DA:67,0
DA:68,0
DA:69,0
DA:72,0
DA:73,0
DA:75,0
DA:76,0
DA:77,0
DA:78,0
DA:79,0
DA:80,0
DA:81,0
DA:82,0
DA:83,0
DA:84,0
DA:85,0
DA:88,0
DA:89,0
DA:91,0
DA:92,0
DA:93,0
DA:94,0
DA:95,0
DA:96,0
DA:97,0
DA:98,0
DA:99,0
DA:100,0
DA:103,0
DA:104,0
DA:106,0
DA:107,0
DA:108,0
DA:109,0
DA:110,0
DA:111,0
DA:112,0
DA:113,0
DA:116,0
DA:136,0
DA:162,0
DA:185,0
DA:186,0
DA:187,0
DA:188,0
DA:191,0
DA:192,0
DA:193,0
DA:194,0
DA:195,0
DA:196,0
DA:197,0
DA:200,0
DA:201,0
DA:202,0
DA:203,0
DA:207,0
DA:210,0
DA:215,0
DA:218,0
DA:221,0
DA:222,0
DA:225,0
DA:232,0
DA:234,0
DA:235,0
DA:236,0
DA:237,0
DA:239,0
DA:241,0
DA:242,0
DA:243,0
DA:244,0
DA:245,0
DA:246,0
DA:247,0
DA:248,0
DA:249,0
DA:250,0
DA:252,0
DA:259,0
DA:260,0
DA:261,0
DA:262,0
DA:263,0
DA:264,0
DA:265,0
DA:266,0
DA:267,0
DA:268,0
DA:270,0
DA:272,0
DA:273,0
DA:274,0
DA:275,0
DA:276,0
DA:277,0
DA:278,0
DA:279,0
DA:286,0
DA:294,0
DA:295,0
DA:301,0
DA:305,0
DA:307,0
DA:314,0
DA:316,0
DA:323,0
DA:324,0
DA:326,0
DA:327,0
DA:335,0
DA:342,0
DA:344,0
DA:350,0
DA:357,0
DA:358,0
DA:360,0
DA:361,0
DA:372,0
DA:383,0
DA:384,0
DA:385,0
DA:387,0
DA:388,0
DA:389,0
DA:391,0
DA:392,0
DA:393,0
DA:395,0
DA:396,0
DA:397,0
DA:398,0
DA:400,0
DA:406,0
DA:412,0
DA:413,0
DA:414,0
DA:416,0
DA:425,0
DA:426,0
DA:427,0
DA:429,0
DA:431,0
DA:432,0
DA:433,0
DA:435,0
DA:436,0
DA:437,0
DA:438,0
DA:440,0
DA:445,0
DA:446,0
DA:447,0
DA:449,0
DA:461,0
DA:462,0
DA:463,0
DA:465,0
DA:466,0
DA:467,0
DA:468,0
DA:471,0
DA:479,0
DA:480,0
DA:483,0
DA:499,0
DA:508,0
DA:509,0
DA:510,0
DA:512,0
DA:524,0
DA:525,0
DA:526,0
DA:528,0
DA:529,0
DA:530,0
DA:531,0
DA:533,0
DA:539,0
DA:542,0
DA:550,0
DA:554,0
DA:557,0
DA:571,0
DA:580,0
DA:581,0
DA:582,0
DA:584,0
DA:595,0
DA:596,0
DA:597,0
DA:599,0
DA:600,0
DA:601,0
DA:603,0
DA:606,0
DA:610,0
DA:616,0
DA:617,0
DA:619,0
DA:631,0
DA:632,0
DA:633,0
DA:636,0
DA:647,0
DA:649,0
DA:650,0
DA:651,0
DA:653,0
DA:669,0
DA:670,0
DA:671,0
DA:673,0
DA:675,0
DA:688,0
DA:690,0
DA:696,0
DA:697,0
DA:698,0
DA:700,0
DA:715,0
DA:716,0
DA:717,0
DA:719,0
DA:721,0
DA:733,0
DA:736,0
DA:737,0
DA:745,0
DA:751,0
DA:752,0
DA:753,0
DA:755,0
DA:761,0
DA:762,0
DA:764,0
DA:765,0
DA:766,0
DA:767,0
DA:769,0
DA:777,0
DA:786,0
DA:788,0
DA:789,0
DA:790,0
DA:796,0
DA:803,0
DA:804,0
DA:805,0
DA:806,0
DA:807,0
DA:808,0
DA:809,0
DA:811,0
DA:817,0
DA:820,0
DA:821,0
DA:822,0
DA:827,0
DA:828,0
DA:829,0
DA:834,0
DA:835,0
DA:837,0
DA:838,0
DA:840,0
DA:842,0
DA:849,0
DA:853,0
DA:858,0
DA:868,0
DA:870,0
DA:877,0
DA:879,0
DA:880,0
DA:882,0
DA:883,0
DA:885,0
DA:886,0
DA:895,0
DA:896,0
DA:897,0
DA:898,0
DA:900,0
DA:902,0
DA:903,0
DA:905,0
DA:906,0
DA:910,0
DA:911,0
DA:912,0
DA:913,0
DA:919,0
DA:927,0
DA:928,0
DA:930,0
DA:931,0
DA:932,0
DA:938,0
DA:940,0
DA:941,0
DA:942,0
DA:943,0
DA:944,0
DA:946,0
DA:955,0
DA:956,0
DA:958,0
DA:959,0
DA:960,0
DA:962,0
DA:963,0
DA:971,0
DA:972,0
DA:978,0
DA:979,0
DA:980,0
DA:981,0
DA:983,0
DA:985,0
DA:986,0
DA:988,0
DA:989,0
DA:990,0
DA:992,0
DA:993,0
DA:995,0
DA:996,0
DA:997,0
DA:998,0
DA:1000,0
DA:1001,0
DA:1002,0
DA:1003,0
DA:1009,0
DA:1011,0
DA:1012,0
DA:1014,0
DA:1015,0
DA:1021,0
DA:1023,0
DA:1024,0
DA:1026,0
DA:1027,0
DA:1028,0
DA:1030,0
DA:1032,0
DA:1033,0
DA:1035,0
DA:1036,0
DA:1037,0
DA:1042,0
DA:1043,0
DA:1044,0
DA:1046,0
DA:1048,0
DA:1064,0
DA:1066,0
DA:1068,0
DA:1070,0
DA:1072,0
DA:1074,0
LF:394
LH:0
FN:136,230,ExplorerAgent.__init__
FNDA:0,ExplorerAgent.__init__
FN:232,237,ExplorerAgent.on_start
FNDA:0,ExplorerAgent.on_start
FN:239,250,ExplorerAgent.on_stop
FNDA:0,ExplorerAgent.on_stop
FN:252,268,ExplorerAgent._monitoring_loop
FNDA:0,ExplorerAgent._monitoring_loop
FN:270,284,ExplorerAgent._check_all_sources
FNDA:0,ExplorerAgent._check_all_sources
FN:286,295,ExplorerAgent._check_source
FNDA:0,ExplorerAgent._check_source
FN:301,305,ExplorerAgent._analyze_findings
FNDA:0,ExplorerAgent._analyze_findings
FN:307,333,ExplorerAgent._add_opportunity
FNDA:0,ExplorerAgent._add_opportunity
FN:335,366,ExplorerAgent._add_anomaly
FNDA:0,ExplorerAgent._add_anomaly
FN:372,414,ExplorerAgent._handle_start_monitoring
FNDA:0,ExplorerAgent._handle_start_monitoring
FN:416,447,ExplorerAgent._handle_stop_monitoring
FNDA:0,ExplorerAgent._handle_stop_monitoring
FN:449,510,ExplorerAgent._handle_get_opportunities
FNDA:0,ExplorerAgent._handle_get_opportunities
FN:512,582,ExplorerAgent._handle_get_anomalies
FNDA:0,ExplorerAgent._handle_get_anomalies
FN:584,651,ExplorerAgent._handle_generate_report
FNDA:0,ExplorerAgent._handle_generate_report
FN:653,698,ExplorerAgent._handle_report_opportunity
FNDA:0,ExplorerAgent._handle_report_opportunity
FN:700,753,ExplorerAgent._handle_report_anomaly
FNDA:0,ExplorerAgent._handle_report_anomaly
FN:755,790,ExplorerAgent._handle_get_monitoring_status
FNDA:0,ExplorerAgent._handle_get_monitoring_status
FN:796,809,ExplorerAgent._generate_summary
FNDA:0,ExplorerAgent._generate_summary
FN:811,840,ExplorerAgent._generate_recommendations
FNDA:0,ExplorerAgent._generate_recommendations
FN:842,866,ExplorerAgent._build_summary_prompt
FNDA:0,ExplorerAgent._build_summary_prompt
FN:868,870,ExplorerAgent._send_status_update
FNDA:0,ExplorerAgent._send_status_update
FN:877,898,ExplorerAgent._emit_pattern
FNDA:0,ExplorerAgent._emit_pattern
FN:900,913,ExplorerAgent._consume_patterns
FNDA:0,ExplorerAgent._consume_patterns
FN:919,944,ExplorerAgent._initiate_deliberation
FNDA:0,ExplorerAgent._initiate_deliberation
FN:946,981,ExplorerAgent._submit_deliberation_position
FNDA:0,ExplorerAgent._submit_deliberation_position
FN:983,1003,ExplorerAgent._finalize_deliberation
FNDA:0,ExplorerAgent._finalize_deliberation
FN:1009,1019,ExplorerAgent._track_memory_access
FNDA:0,ExplorerAgent._track_memory_access
FN:1021,1028,ExplorerAgent._get_memory_tier
FNDA:0,ExplorerAgent._get_memory_tier
FN:1030,1044,ExplorerAgent._prefetch_relevant
FNDA:0,ExplorerAgent._prefetch_relevant
FN:1046,1061,ExplorerAgent.get_learning_status
FNDA:0,ExplorerAgent.get_learning_status
FN:1064,1066,ExplorerAgent._send_error_response
FNDA:0,ExplorerAgent._send_error_response
FN:1068,1078,ExplorerAgent._send_response
FNDA:0,ExplorerAgent._send_response
FNF:32
FNH:0
end_of_record
SF:src/heretek_swarm/actors/factory.py
DA:10,0
DA:11,0
DA:12,0
DA:14,0
DA:16,0
DA:18,0
DA:21,0
DA:22,0
DA:34,0
DA:35,0
DA:36,0
DA:37,0
DA:38,0
DA:41,0
DA:68,0
DA:70,0
DA:71,0
DA:72,0
DA:74,0
DA:76,0
DA:93,0
DA:94,0
DA:96,0
DA:97,0
DA:99,0
DA:104,0
DA:124,0
DA:125,0
DA:127,0
DA:128,0
DA:131,0
DA:134,0
DA:137,0
DA:144,0
DA:146,0
DA:151,0
DA:153,0
DA:163,0
DA:165,0
DA:172,0
DA:174,0
DA:181,0
DA:183,0
DA:193,0
DA:194,0
DA:196,0
DA:197,0
DA:198,0
DA:200,0
DA:202,0
DA:204,0
DA:205,0
DA:209,0
DA:212,0
DA:221,0
DA:222,0
DA:224,0
LF:57
LH:0
FN:68,74,ActorFactory.__init__
FNDA:0,ActorFactory.__init__
FN:76,102,ActorFactory.register_actor_class
FNDA:0,ActorFactory.register_actor_class
FN:104,151,ActorFactory.create_actor
FNDA:0,ActorFactory.create_actor
FN:153,163,ActorFactory.get_actor_info
FNDA:0,ActorFactory.get_actor_info
FN:165,172,ActorFactory.get_registered_types
FNDA:0,ActorFactory.get_registered_types
FN:174,181,ActorFactory.get_instance_configs
FNDA:0,ActorFactory.get_instance_configs
FN:183,200,ActorFactory.unregister_actor_class
FNDA:0,ActorFactory.unregister_actor_class
FN:202,205,ActorFactory.clear_instances
FNDA:0,ActorFactory.clear_instances
FN:212,224,get_factory
FNDA:0,get_factory
FNF:9
FNH:0
end_of_record
SF:src/heretek_swarm/actors/habit_forge.py
DA:15,0
DA:16,0
DA:17,0
DA:18,0
DA:19,0
DA:21,0
DA:22,0
DA:23,0
DA:25,0
DA:26,0
DA:29,0
DA:32,0
DA:35,0
DA:38,0
DA:41,0
DA:47,0
DA:50,0
DA:53,0
DA:55,0
DA:56,0
DA:57,0
DA:58,0
DA:59,0
DA:60,0
DA:63,0
DA:65,0
DA:66,0
DA:67,0
DA:68,0
DA:69,0
DA:72,0
DA:74,0
DA:75,0
DA:76,0
DA:77,0
DA:78,0
DA:81,0
DA:84,0
DA:95,0
DA:96,0
DA:97,0
DA:98,0
DA:99,0
DA:100,0
DA:101,0
DA:102,0
DA:103,0
DA:106,0
DA:107,0
DA:108,0
DA:109,0
DA:110,0
DA:112,0
DA:114,0
DA:115,0
DA:119,0
DA:122,0
DA:126,0
DA:128,0
DA:130,0
DA:131,0
DA:134,0
DA:136,0
DA:138,0
DA:139,0
DA:140,0
DA:143,0
DA:144,0
DA:145,0
DA:147,0
DA:148,0
DA:149,0
DA:150,0
DA:152,0
DA:154,0
DA:156,0
DA:158,0
DA:176,0
DA:179,0
DA:190,0
DA:191,0
DA:192,0
DA:193,0
DA:194,0
[...]
DA:357,0
DA:363,0
DA:371,0
DA:372,0
DA:373,0
DA:376,0
DA:377,0
DA:378,0
DA:380,0
DA:381,0
DA:382,0
DA:385,0
DA:388,0
DA:389,0
DA:391,0
DA:392,0
LF:184
LH:0
FN:186,195,AgentState.compute_hash
FNDA:0,AgentState.compute_hash
FN:197,202,AgentState.touch
FNDA:0,AgentState.touch
FN:347,354,StateSnapshot.compute_hash
FNDA:0,StateSnapshot.compute_hash
FNF:3
FNH:0
end_of_record
SF:src/state/lineage.py
DA:8,0
DA:9,0
DA:10,0
DA:11,0
DA:12,0
DA:14,0
DA:15,0
DA:17,0
DA:19,0
DA:22,0
DA:26,0
DA:27,0
DA:28,0
DA:31,0
DA:32,0
DA:35,0
DA:36,0
DA:39,0
DA:40,0
DA:41,0
DA:44,0
DA:51,0
DA:52,0
DA:53,0
DA:54,0
DA:55,0
DA:57,0
DA:59,0
DA:60,0
DA:61,0
DA:63,0
DA:65,0
DA:68,0
DA:80,0
DA:81,0
DA:84,0
DA:85,0
DA:86,0
DA:89,0
DA:90,0
DA:93,0
DA:94,0
DA:95,0
DA:96,0
DA:98,0
DA:100,0
DA:101,0
DA:102,0
DA:104,0
DA:106,0
DA:107,0
DA:109,0
DA:110,0
DA:111,0
DA:112,0
DA:113,0
DA:115,0
DA:118,0
DA:119,0
DA:120,0
DA:122,0
DA:123,0
DA:125,0
DA:155,0
DA:156,0
DA:160,0
DA:161,0
DA:162,0
DA:164,0
DA:165,0
DA:166,0
DA:167,0
DA:168,0
DA:169,0
DA:172,0
DA:173,0
DA:180,0
DA:183,0
DA:186,0
DA:187,0
DA:190,0
DA:208,0
DA:211,0
DA:212,0
DA:213,0
DA:216,0
DA:217,0
DA:220,0
DA:223,0
DA:224,0
DA:227,0
DA:228,0
DA:229,0
DA:231,0
DA:232,0
DA:233,0
DA:234,0
DA:237,0
DA:239,0
DA:241,0
DA:250,0
DA:252,0
DA:254,0
DA:257,0
DA:258,0
DA:259,0
DA:262,0
DA:263,0
DA:264,0
DA:265,0
DA:267,0
DA:269,0
DA:279,0
DA:280,0
DA:281,0
DA:284,0
DA:286,0
DA:287,0
DA:288,0
DA:289,0
DA:292,0
DA:294,0
DA:296,0
DA:306,0
DA:307,0
DA:308,0
DA:310,0
DA:311,0
DA:312,0
DA:314,0
DA:315,0
DA:317,0
DA:318,0
DA:320,0
DA:321,0
DA:323,0
DA:324,0
DA:326,0
DA:327,0
DA:328,0
DA:330,0
DA:331,0
DA:333,0
DA:335,0
DA:341,0
DA:342,0
DA:343,0
DA:346,0
DA:349,0
DA:350,0
DA:351,0
DA:354,0
DA:356,0
DA:358,0
DA:364,0
DA:366,0
DA:367,0
DA:368,0
DA:369,0
DA:370,0
DA:373,0
DA:375,0
DA:377,0
DA:382,0
DA:384,0
DA:385,0
DA:386,0
DA:387,0
DA:389,0
DA:391,0
DA:403,0
DA:404,0
DA:406,0
DA:407,0
DA:409,0
DA:410,0
DA:412,0
DA:413,0
DA:415,0
DA:418,0
DA:419,0
DA:420,0
DA:421,0
DA:422,0
DA:425,0
DA:426,0
DA:427,0
DA:428,0
DA:429,0
DA:431,0
DA:433,0
DA:435,0
DA:436,0
DA:437,0
DA:438,0
DA:439,0
DA:441,0
DA:443,0
DA:444,0
DA:445,0
DA:446,0
DA:447,0
DA:449,0
DA:451,0
DA:452,0
DA:453,0
DA:456,0
DA:457,0
DA:458,0
DA:463,0
DA:466,0
DA:467,0
DA:468,0
DA:473,0
DA:475,0
DA:477,0
DA:479,0
DA:480,0
DA:482,0
DA:483,0
DA:484,0
DA:485,0
DA:487,0
DA:491,0
DA:503,0
DA:505,0
DA:507,0
DA:508,0
DA:509,0
DA:510,0
DA:512,0
DA:513,0
DA:514,0
DA:516,0
DA:521,0
LF:235
LH:0
FN:51,55,LineageNode.__init__
FNDA:0,LineageNode.__init__
FN:57,61,LineageNode.add_child
FNDA:0,LineageNode.add_child
FN:63,65,LineageNode.is_branch_point
FNDA:0,LineageNode.is_branch_point
FN:80,96,LineageTracker.__init__
FNDA:0,LineageTracker.__init__
FN:98,102,LineageTracker._compute_hash
FNDA:0,LineageTracker._compute_hash
FN:104,113,LineageTracker._cache_get
FNDA:0,LineageTracker._cache_get
FN:115,123,LineageTracker._cache_set
FNDA:0,LineageTracker._cache_set
FN:125,250,LineageTracker.record_message
FNDA:0,LineageTracker.record_message
FN:252,267,LineageTracker.get_lineage
FNDA:0,LineageTracker.get_lineage
FN:269,294,LineageTracker.get_ancestry
FNDA:0,LineageTracker.get_ancestry
FN:296,333,LineageTracker.get_descendants
FNDA:0,LineageTracker.get_descendants
FN:335,356,LineageTracker.get_conversation_messages
FNDA:0,LineageTracker.get_conversation_messages
FN:358,375,LineageTracker.get_agent_messages
FNDA:0,LineageTracker.get_agent_messages
FN:377,389,LineageTracker.find_branch_points
FNDA:0,LineageTracker.find_branch_points
FN:391,431,LineageTracker.get_message_path
FNDA:0,LineageTracker.get_message_path
FN:433,439,LineageTracker.mark_delivered
FNDA:0,LineageTracker.mark_delivered
FN:441,447,LineageTracker.mark_processed
FNDA:0,LineageTracker.mark_processed
FN:449,475,LineageTracker.verify_integrity
FNDA:0,LineageTracker.verify_integrity
FN:477,501,LineageTracker.get_stats
FNDA:0,LineageTracker.get_stats
FN:503,521,LineageTracker.cleanup_expired
FNDA:0,LineageTracker.cleanup_expired
FNF:20
FNH:0
end_of_record
SF:src/state/manager.py
DA:8,0
DA:9,0
DA:10,0
DA:11,0
DA:12,0
DA:13,0
DA:15,0
DA:16,0
DA:18,0
DA:30,0
DA:31,0
DA:33,0
DA:36,0
DA:40,0
DA:41,0
DA:44,0
DA:45,0
DA:46,0
DA:49,0
DA:50,0
DA:53,0
DA:54,0
DA:57,0
DA:75,0
DA:76,0
DA:79,0
DA:80,0
DA:83,0
DA:84,0
DA:85,0
DA:88,0
DA:89,0
DA:92,0
DA:95,0
DA:96,0
DA:99,0
DA:100,0
DA:101,0
DA:103,0
DA:106,0
DA:109,0
DA:110,0
DA:112,0
DA:115,0
DA:116,0
DA:117,0
DA:118,0
DA:124,0
DA:125,0
DA:127,0
DA:133,0
DA:135,0
DA:138,0
DA:141,0
DA:142,0
DA:143,0
DA:144,0
DA:145,0
DA:146,0
DA:148,0
DA:150,0
DA:154,0
DA:162,0
DA:163,0
DA:165,0
DA:166,0
DA:169,0
DA:177,0
DA:180,0
DA:181,0
DA:184,0
DA:185,0
DA:188,0
DA:194,0
DA:200,0
DA:202,0
DA:204,0
DA:206,0
DA:214,0
DA:215,0
DA:216,0
DA:219,0
DA:220,0
DA:222,0
DA:223,0
DA:225,0
DA:226,0
DA:229,0
DA:235,0
DA:237,0
DA:239,0
DA:246,0
DA:247,0
DA:248,0
DA:250,0
DA:251,0
DA:252,0
DA:253,0
DA:256,0
DA:265,0
DA:267,0
DA:269,0
DA:270,0
DA:271,0
DA:274,0
DA:275,0
DA:278,0
DA:279,0
DA:280,0
DA:283,0
DA:284,0
DA:287,0
DA:293,0
DA:297,0
DA:305,0
DA:306,0
DA:309,0
DA:318,0
DA:321,0
DA:324,0
DA:325,0
DA:326,0
DA:329,0
DA:330,0
DA:333,0
DA:338,0
DA:347,0
DA:354,0
DA:356,0
DA:361,0
DA:363,0
DA:371,0
DA:372,0
DA:373,0
DA:375,0
DA:376,0
DA:378,0
DA:379,0
DA:381,0
DA:382,0
DA:384,0
DA:385,0
DA:387,0
DA:389,0
DA:394,0
DA:395,0
DA:396,0
DA:398,0
DA:399,0
DA:402,0
DA:403,0
DA:404,0
DA:405,0
DA:407,0
DA:408,0
DA:411,0
DA:417,0
DA:421,0
DA:432,0
DA:433,0
DA:434,0
DA:435,0
DA:438,0
DA:439,0
DA:441,0
DA:442,0
DA:445,0
DA:455,0
DA:456,0
DA:457,0
DA:458,0
DA:460,0
DA:464,0
DA:472,0
DA:473,0
DA:474,0
DA:476,0
DA:486,0
DA:491,0
DA:492,0
DA:493,0
DA:496,0
DA:497,0
DA:499,0
DA:500,0
DA:506,0
DA:508,0
DA:511,0
DA:520,0
DA:522,0
DA:528,0
DA:530,0
DA:533,0
DA:534,0
DA:537,0
DA:540,0
DA:543,0
DA:544,0
DA:545,0
DA:550,0
DA:551,0
DA:552,0
DA:553,0
DA:554,0
DA:558,0
DA:567,0
DA:568,0
DA:570,0
DA:584,0
DA:587,0
DA:588,0
DA:590,0
DA:597,0
DA:599,0
DA:600,0
DA:602,0
DA:603,0
DA:605,0
DA:609,0
DA:611,0
DA:612,0
DA:613,0
DA:616,0
DA:617,0
DA:622,0
DA:623,0
DA:624,0
DA:625,0
DA:629,0
DA:635,0
DA:637,0
DA:638,0
DA:639,0
DA:640,0
DA:641,0
DA:642,0
DA:644,0
DA:646,0
DA:648,0
DA:650,0
DA:652,0
DA:659,0
DA:661,0
DA:662,0
DA:664,0
LF:245
LH:0
FN:75,101,StateManager.__init__
FNDA:0,StateManager.__init__
FN:103,131,StateManager.initialize
FNDA:0,StateManager.initialize
FN:133,150,StateManager.shutdown
FNDA:0,StateManager.shutdown
FN:154,200,StateManager.register_agent
FNDA:0,StateManager.register_agent
FN:202,204,StateManager.get_agent_state
FNDA:0,StateManager.get_agent_state
FN:206,237,StateManager.update_agent_state
FNDA:0,StateManager.update_agent_state
FN:239,265,StateManager.update_agent_status
FNDA:0,StateManager.update_agent_status
FN:267,293,StateManager.deregister_agent
FNDA:0,StateManager.deregister_agent
FN:297,354,StateManager.start_conversation
FNDA:0,StateManager.start_conversation
FN:356,361,StateManager.get_conversation_state
FNDA:0,StateManager.get_conversation_state
FN:363,387,StateManager.update_conversation_state
FNDA:0,StateManager.update_conversation_state
FN:389,417,StateManager.complete_conversation
FNDA:0,StateManager.complete_conversation
FN:421,460,StateManager.record_message
FNDA:0,StateManager.record_message
FN:464,484,StateManager.create_snapshot
FNDA:0,StateManager.create_snapshot
FN:486,528,StateManager.rollback_to_snapshot
FNDA:0,StateManager.rollback_to_snapshot
FN:530,554,StateManager._restore_from_snapshot
FNDA:0,StateManager._restore_from_snapshot
FN:558,588,StateManager._record_transition
FNDA:0,StateManager._record_transition
FN:590,605,StateManager.get_transition_history
FNDA:0,StateManager.get_transition_history
FN:609,625,StateManager._state_sync_loop
FNDA:0,StateManager._state_sync_loop
FN:629,644,StateManager.get_agent_conversations
FNDA:0,StateManager.get_agent_conversations
FN:646,648,StateManager.get_system_state
FNDA:0,StateManager.get_system_state
FN:650,655,StateManager.get_active_agents
FNDA:0,StateManager.get_active_agents
FN:659,685,StateManager.get_stats
FNDA:0,StateManager.get_stats
FNF:23
FNH:0
end_of_record
SF:src/state/snapshots.py
DA:8,0
DA:9,0
DA:10,0
DA:11,0
DA:12,0
DA:13,0
DA:14,0
DA:15,0
DA:17,0
DA:18,0
DA:20,0
DA:31,0
DA:34,0
DA:38,0
DA:39,0
DA:40,0
DA:43,0
DA:44,0
DA:47,0
DA:48,0
DA:51,0
DA:52,0
DA:55,0
DA:58,0
DA:65,0
DA:66,0
DA:67,0
DA:68,0
DA:70,0
DA:72,0
DA:75,0
DA:76,0
DA:77,0
DA:79,0
DA:85,0
DA:86,0
DA:87,0
DA:89,0
DA:91,0
DA:93,0
DA:99,0
DA:100,0
DA:103,0
DA:104,0
DA:107,0
DA:109,0
DA:110,0
DA:116,0
DA:121,0
DA:123,0
DA:126,0
DA:127,0
DA:129,0
DA:130,0
DA:131,0
DA:134,0
DA:135,0
DA:137,0
DA:138,0
DA:140,0
DA:142,0
DA:144,0
DA:145,0
DA:147,0
DA:148,0
DA:149,0
DA:150,0
DA:152,0
DA:154,0
DA:160,0
DA:162,0
DA:163,0
DA:165,0
DA:166,0
DA:168,0
DA:169,0
DA:172,0
DA:173,0
DA:174,0
DA:175,0
DA:183,0
DA:184,0
DA:191,0
DA:193,0
DA:196,0
DA:208,0
DA:209,0
DA:210,0
DA:213,0
DA:214,0
DA:215,0
DA:218,0
DA:219,0
DA:222,0
DA:223,0
DA:224,0
DA:227,0
DA:228,0
DA:229,0
DA:231,0
DA:234,0
DA:236,0
DA:237,0
DA:240,0
DA:241,0
DA:244,0
DA:245,0
DA:246,0
DA:247,0
DA:249,0
DA:252,0
DA:255,0
DA:257,0
DA:258,0
DA:262,0
DA:263,0
DA:267,0
DA:274,0
DA:276,0
DA:278,0
DA:279,0
DA:280,0
DA:281,0
DA:282,0
DA:283,0
DA:284,0
DA:286,0
DA:288,0
DA:290,0
DA:292,0
DA:293,0
DA:294,0
DA:295,0
DA:296,0
DA:298,0
DA:301,0
DA:302,0
DA:303,0
DA:305,0
DA:306,0
DA:308,0
DA:337,0
DA:351,0
DA:352,0
DA:353,0
DA:354,0
DA:355,0
DA:356,0
DA:359,0
DA:362,0
DA:367,0
DA:368,0
DA:369,0
DA:372,0
DA:374,0
DA:375,0
DA:376,0
DA:379,0
DA:381,0
DA:383,0
DA:391,0
DA:393,0
DA:396,0
DA:397,0
DA:398,0
DA:401,0
DA:402,0
DA:403,0
DA:405,0
DA:407,0
DA:412,0
DA:413,0
DA:414,0
DA:415,0
DA:417,0
DA:419,0
DA:425,0
DA:427,0
DA:430,0
DA:435,0
DA:436,0
DA:442,0
DA:443,0
DA:444,0
DA:447,0
DA:449,0
DA:450,0
DA:452,0
DA:454,0
DA:464,0
DA:465,0
DA:467,0
DA:468,0
DA:470,0
DA:476,0
DA:480,0
DA:481,0
DA:482,0
DA:484,0
DA:486,0
DA:487,0
DA:489,0
DA:490,0
DA:492,0
DA:494,0
DA:500,0
DA:504,0
DA:505,0
DA:506,0
DA:508,0
DA:509,0
DA:510,0
DA:511,0
DA:512,0
DA:513,0
DA:514,0
DA:520,0
DA:521,0
DA:522,0
DA:525,0
DA:527,0
DA:529,0
DA:539,0
DA:541,0
DA:542,0
DA:545,0
DA:546,0
DA:547,0
DA:550,0
DA:551,0
DA:553,0
DA:554,0
DA:556,0
DA:557,0
DA:560,0
DA:561,0
DA:563,0
DA:564,0
DA:565,0
DA:568,0
DA:569,0
DA:571,0
DA:572,0
DA:575,0
DA:584,0
DA:586,0
DA:587,0
DA:588,0
DA:593,0
DA:598,0
DA:599,0
DA:600,0
DA:601,0
DA:603,0
DA:605,0
DA:606,0
DA:608,0
DA:610,0
DA:615,0
DA:616,0
DA:617,0
DA:618,0
DA:621,0
DA:622,0
DA:625,0
DA:626,0
DA:627,0
DA:629,0
DA:634,0
DA:635,0
DA:636,0
DA:637,0
DA:639,0
DA:641,0
LF:274
LH:0
FN:65,68,SnapshotStore.__init__
FNDA:0,SnapshotStore.__init__
FN:70,77,SnapshotStore._ensure_storage
FNDA:0,SnapshotStore._ensure_storage
FN:79,89,SnapshotStore._get_snapshot_path
FNDA:0,SnapshotStore._get_snapshot_path
FN:91,121,SnapshotStore.save
FNDA:0,SnapshotStore.save
FN:123,140,SnapshotStore.load
FNDA:0,SnapshotStore.load
FN:142,152,SnapshotStore.delete
FNDA:0,SnapshotStore.delete
FN:154,193,SnapshotStore.list_snapshots
FNDA:0,SnapshotStore.list_snapshots
FN:208,229,SnapshotManager.__init__
FNDA:0,SnapshotManager.__init__
FN:231,272,SnapshotManager.initialize
FNDA:0,SnapshotManager.initialize
FN:274,286,SnapshotManager.shutdown
FNDA:0,SnapshotManager.shutdown
FN:288,296,SnapshotManager._cache_get
FNDA:0,SnapshotManager._cache_get
FN:298,306,SnapshotManager._cache_set
FNDA:0,SnapshotManager._cache_set
FN:308,391,SnapshotManager.create_snapshot
FNDA:0,SnapshotManager.create_snapshot
FN:393,405,SnapshotManager.get_snapshot
FNDA:0,SnapshotManager.get_snapshot
FN:407,417,SnapshotManager.get_latest_snapshot
FNDA:0,SnapshotManager.get_latest_snapshot
FN:419,425,SnapshotManager.list_snapshots
FNDA:0,SnapshotManager.list_snapshots
FN:427,452,SnapshotManager.delete_snapshot
FNDA:0,SnapshotManager.delete_snapshot
FN:454,527,SnapshotManager.compute_diff
FNDA:0,SnapshotManager.compute_diff
FN:529,582,SnapshotManager.apply_diff
FNDA:0,SnapshotManager.apply_diff
FN:584,601,SnapshotManager._auto_snapshot_loop
FNDA:0,SnapshotManager._auto_snapshot_loop
FN:603,637,SnapshotManager._cleanup_loop
FNDA:0,SnapshotManager._cleanup_loop
FN:639,652,SnapshotManager.get_stats
FNDA:0,SnapshotManager.get_stats
FNF:22
FNH:0
end_of_record
SF:src/tools/__init__.py
DA:11,0
DA:20,0
DA:28,0
DA:45,0
LF:4
LH:0
end_of_record
SF:src/tools/base.py
DA:12,0
DA:13,0
DA:14,0
DA:15,0
DA:16,0
DA:18,0
DA:19,0
DA:21,0
DA:24,0
DA:25,0
DA:28,0
DA:30,0
DA:31,0
DA:32,0
DA:33,0
DA:34,0
DA:37,0
DA:41,0
DA:42,0
DA:43,0
DA:46,0
DA:47,0
DA:48,0
DA:51,0
DA:52,0
DA:55,0
DA:56,0
DA:59,0
DA:60,0
DA:61,0
DA:64,0
DA:65,0
DA:68,0
DA:69,0
DA:72,0
DA:73,0
DA:74,0
DA:77,0
DA:78,0
DA:79,0
DA:80,0
DA:83,0
DA:87,0
DA:88,0
DA:89,0
DA:92,0
DA:93,0
DA:94,0
DA:97,0
DA:98,0
DA:101,0
DA:102,0
DA:103,0
DA:106,0
DA:107,0
DA:109,0
DA:110,0
DA:113,0
DA:117,0
DA:118,0
DA:119,0
DA:122,0
DA:123,0
DA:126,0
DA:127,0
DA:130,0
DA:133,0
DA:136,0
DA:161,0
DA:172,0
DA:184,0
DA:185,0
DA:186,0
DA:188,0
DA:215,0
DA:230,0
DA:231,0
DA:234,0
DA:235,0
DA:238,0
DA:239,0
DA:240,0
DA:241,0
DA:254,0
DA:255,0
DA:268,0
DA:269,0
DA:272,0
DA:273,0
DA:276,0
DA:282,0
DA:285,0
DA:286,0
DA:287,0
DA:288,0
DA:289,0
DA:292,0
DA:295,0
DA:302,0
DA:314,0
DA:315,0
DA:316,0
DA:318,0
DA:324,0
DA:336,0
DA:337,0
DA:338,0
DA:340,0
DA:347,0
DA:360,0
DA:371,0
DA:374,0
DA:375,0
DA:376,0
DA:377,0
DA:379,0
DA:380,0
DA:381,0
DA:384,0
DA:385,0
DA:388,0
DA:389,0
DA:390,0
DA:391,0
DA:393,0
DA:396,0
DA:398,0
DA:400,0
DA:402,0
DA:404,0
DA:419,0
DA:421,0
DA:422,0
DA:423,0
DA:425,0
DA:427,0
DA:428,0
DA:429,0
DA:432,0
DA:435,0
DA:442,0
DA:443,0
DA:444,0
DA:445,0
DA:448,0
DA:455,0
DA:464,0
DA:471,0
DA:473,0
DA:479,0
DA:482,0
DA:483,0
DA:486,0
DA:487,0
LF:154
LH:0
FN:161,192,BaseTool.__init__
FNDA:0,BaseTool.__init__
FN:195,213,BaseTool.execute
FNDA:0,BaseTool.execute
FN:215,358,BaseTool.run
FNDA:0,BaseTool.run
FN:272,273,BaseTool.run.execute_with_timeout
FNDA:0,BaseTool.run.execute_with_timeout
FN:360,396,BaseTool._validate_input
FNDA:0,BaseTool._validate_input
FN:398,400,BaseTool.get_metadata
FNDA:0,BaseTool.get_metadata
FN:402,417,BaseTool.get_stats
FNDA:0,BaseTool.get_stats
FN:419,423,BaseTool.enable
FNDA:0,BaseTool.enable
FN:425,429,BaseTool.disable
FNDA:0,BaseTool.disable
FN:435,445,ToolExecutionError.__init__
FNDA:0,ToolExecutionError.__init__
FN:455,471,SimpleTool.__init__
FNDA:0,SimpleTool.__init__
FN:473,490,SimpleTool.execute
FNDA:0,SimpleTool.execute
FNF:12
FNH:0
end_of_record
SF:src/tools/examples.py
DA:8,0
DA:9,0
DA:10,0
DA:12,0
DA:14,0
DA:21,0
DA:23,0
DA:24,0
DA:25,0
DA:26,0
DA:29,0
DA:31,0
DA:32,0
DA:33,0
DA:36,0
DA:48,0
DA:49,0
DA:57,0
DA:63,0
DA:67,0
DA:70,0
DA:72,0
DA:74,0
DA:85,0
DA:87,0
DA:88,0
DA:91,0
DA:93,0
DA:94,0
DA:95,0
DA:96,0
DA:99,0
DA:101,0
DA:102,0
DA:103,0
DA:106,0
DA:117,0
DA:118,0
DA:125,0
DA:131,0
DA:133,0
DA:134,0
DA:136,0
DA:137,0
DA:138,0
DA:140,0
DA:141,0
DA:143,0
DA:148,0
DA:150,0
DA:152,0
DA:154,0
DA:156,0
DA:158,0
DA:160,0
DA:165,0
DA:166,0
DA:177,0
DA:179,0
DA:180,0
DA:181,0
DA:182,0
DA:185,0
DA:187,0
DA:188,0
DA:189,0
DA:190,0
DA:193,0
DA:204,0
DA:205,0
DA:212,0
DA:218,0
DA:221,0
DA:222,0
DA:225,0
DA:228,0
DA:229,0
DA:231,0
DA:243,0
DA:250,0
DA:257,0
DA:259,0
DA:261,0
DA:263,0
DA:264,0
DA:265,0
DA:267,0
DA:273,0
DA:275,0
DA:282,0
DA:296,0
DA:298,0
DA:301,0
DA:303,0
DA:306,0
DA:308,0
DA:311,0
DA:317,0
DA:325,0
LF:99
LH:0
FN:48,55,MemorySearchTool.__init__
FNDA:0,MemorySearchTool.__init__
FN:57,78,MemorySearchTool.execute
FNDA:0,MemorySearchTool.execute
FN:117,123,HealthCheckTool.__init__
FNDA:0,HealthCheckTool.__init__
FN:125,146,HealthCheckTool.execute
FNDA:0,HealthCheckTool.execute
FN:148,170,HealthCheckTool._check_service
FNDA:0,HealthCheckTool._check_service
FN:204,210,ConsensusVoteTool.__init__
FNDA:0,ConsensusVoteTool.__init__
FN:212,236,ConsensusVoteTool.execute
FNDA:0,ConsensusVoteTool.execute
FN:250,289,LegacyWrapperTool.__init__
FNDA:0,LegacyWrapperTool.__init__
FN:259,280,LegacyWrapperTool.__init__.execute_shell
FNDA:0,LegacyWrapperTool.__init__.execute_shell
FN:296,298,create_memory_search_tool
FNDA:0,create_memory_search_tool
FN:301,303,create_health_check_tool
FNDA:0,create_health_check_tool
FN:306,308,create_consensus_vote_tool
FNDA:0,create_consensus_vote_tool
FN:311,321,create_legacy_wrapper
FNDA:0,create_legacy_wrapper
FNF:13
FNH:0
end_of_record
SF:src/tools/registry.py
DA:12,0
DA:13,0
DA:14,0
DA:15,0
DA:16,0
DA:17,0
DA:18,0
DA:20,0
DA:21,0
DA:23,0
DA:25,0
DA:28,0
DA:32,0
DA:33,0
DA:39,0
DA:40,0
DA:43,0
DA:44,0
DA:45,0
DA:48,0
DA:49,0
DA:52,0
DA:53,0
DA:56,0
DA:60,0
DA:61,0
DA:62,0
DA:65,0
DA:66,0
DA:69,0
DA:72,0
DA:73,0
DA:76,0
DA:77,0
DA:78,0
DA:81,0
DA:82,0
DA:84,0
DA:85,0
DA:88,0
DA:118,0
DA:119,0
DA:122,0
DA:123,0
DA:124,0
DA:127,0
DA:128,0
DA:131,0
DA:132,0
DA:135,0
DA:136,0
DA:137,0
DA:139,0
DA:141,0
DA:144,0
DA:145,0
DA:148,0
DA:149,0
DA:150,0
DA:151,0
DA:152,0
DA:159,0
DA:162,0
DA:167,0
DA:169,0
DA:171,0
DA:172,0
DA:173,0
DA:174,0
DA:175,0
DA:176,0
DA:179,0
DA:180,0
DA:182,0
DA:184,0
DA:186,0
DA:187,0
DA:188,0
DA:189,0
DA:190,0
DA:196,0
DA:198,0
DA:199,0
DA:202,0
DA:203,0
DA:204,0
DA:206,0
DA:209,0
DA:210,0
DA:211,0
DA:217,0
DA:219,0
DA:220,0
DA:223,0
DA:224,0
DA:226,0
DA:227,0
DA:228,0
DA:229,0
DA:235,0
DA:241,0
DA:245,0
DA:246,0
DA:249,0
DA:260,0
DA:263,0
DA:264,0
DA:265,0
DA:268,0
DA:269,0
DA:270,0
DA:271,0
DA:273,0
DA:279,0
DA:280,0
DA:287,0
DA:289,0
DA:291,0
DA:299,0
DA:302,0
DA:303,0
DA:304,0
DA:306,0
DA:307,0
DA:308,0
DA:309,0
DA:311,0
DA:316,0
DA:318,0
DA:320,0
DA:321,0
DA:322,0
DA:324,0
DA:325,0
DA:327,0
DA:329,0
DA:330,0
DA:332,0
DA:333,0
DA:336,0
DA:339,0
DA:340,0
DA:341,0
DA:344,0
DA:345,0
DA:346,0
DA:348,0
DA:354,0
DA:356,0
DA:357,0
DA:362,0
DA:365,0
DA:366,0
DA:367,0
DA:368,0
DA:374,0
DA:376,0
DA:378,0
DA:379,0
DA:381,0
DA:382,0
DA:383,0
DA:386,0
DA:387,0
DA:388,0
DA:389,0
DA:391,0
DA:392,0
DA:393,0
DA:394,0
DA:396,0
DA:397,0
DA:399,0
DA:401,0
DA:403,0
DA:404,0
DA:407,0
DA:408,0
DA:409,0
DA:412,0
DA:413,0
DA:415,0
DA:417,0
DA:424,0
DA:427,0
DA:429,0
DA:430,0
DA:442,0
DA:445,0
DA:448,0
DA:449,0
DA:450,0
DA:451,0
DA:452,0
DA:454,0
DA:456,0
DA:463,0
DA:465,0
DA:467,0
DA:468,0
DA:471,0
DA:472,0
DA:475,0
DA:476,0
DA:477,0
DA:479,0
DA:481,0
DA:483,0
DA:485,0
DA:487,0
DA:489,0
DA:491,0
DA:497,0
DA:498,0
DA:500,0
DA:501,0
DA:502,0
DA:505,0
DA:507,0
DA:508,0
DA:509,0
DA:510,0
DA:511,0
DA:512,0
DA:514,0
DA:515,0
DA:518,0
DA:520,0
DA:522,0
DA:524,0
DA:525,0
DA:526,0
DA:528,0
DA:545,0
DA:547,0
DA:549,0
DA:550,0
DA:552,0
DA:554,0
DA:555,0
DA:556,0
DA:557,0
DA:560,0
DA:561,0
DA:562,0
DA:565,0
DA:566,0
DA:568,0
DA:570,0
DA:575,0
DA:577,0
DA:578,0
DA:584,0
DA:588,0
DA:591,0
DA:594,0
DA:595,0
DA:596,0
DA:599,0
DA:602,0
DA:603,0
DA:604,0
LF:262
LH:0
FN:118,137,ToolRegistry.__init__
FNDA:0,ToolRegistry.__init__
FN:139,165,ToolRegistry.initialize
FNDA:0,ToolRegistry.initialize
FN:167,182,ToolRegistry.shutdown
FNDA:0,ToolRegistry.shutdown
FN:184,194,ToolRegistry._discover_tools
FNDA:0,ToolRegistry._discover_tools
FN:196,215,ToolRegistry._discover_tools_in_path
FNDA:0,ToolRegistry._discover_tools_in_path
FN:217,233,ToolRegistry._discover_tools_in_module
FNDA:0,ToolRegistry._discover_tools_in_module
FN:235,285,ToolRegistry._register_tool_class
FNDA:0,ToolRegistry._register_tool_class
FN:287,314,ToolRegistry.register_tool
FNDA:0,ToolRegistry.register_tool
FN:316,374,ToolRegistry._load_tool
FNDA:0,ToolRegistry._load_tool
FN:376,397,ToolRegistry._get_cached_tool
FNDA:0,ToolRegistry._get_cached_tool
FN:399,415,ToolRegistry.get_tool
FNDA:0,ToolRegistry.get_tool
FN:417,454,ToolRegistry.execute_tool
FNDA:0,ToolRegistry.execute_tool
FN:456,481,ToolRegistry.list_tools
FNDA:0,ToolRegistry.list_tools
FN:483,485,ToolRegistry.get_categories
FNDA:0,ToolRegistry.get_categories
FN:487,489,ToolRegistry.get_tags
FNDA:0,ToolRegistry.get_tags
FN:491,520,ToolRegistry.search_tools
FNDA:0,ToolRegistry.search_tools
FN:522,543,ToolRegistry.get_stats
FNDA:0,ToolRegistry.get_stats
FN:545,584,ToolRegistry.reload_tool
FNDA:0,ToolRegistry.reload_tool
FN:591,596,get_registry
FNDA:0,get_registry
FN:599,604,initialize_registry
FNDA:0,initialize_registry
FNF:20
FNH:0
end_of_record
